{"D:\\Hacktiv8\\loveynest-server\\app.js": {"path":"D:\\Hacktiv8\\loveynest-server\\app.js","statementMap":{"0":{"start":{"line":1,"column":0},"end":{"line":1,"column":27}},"1":{"start":{"line":2,"column":13},"end":{"line":2,"column":28}},"2":{"start":{"line":3,"column":16},"end":{"line":3,"column":34}},"3":{"start":{"line":4,"column":12},"end":{"line":4,"column":21}},"4":{"start":{"line":5,"column":13},"end":{"line":5,"column":37}},"5":{"start":{"line":6,"column":15},"end":{"line":6,"column":40}},"6":{"start":{"line":7,"column":0},"end":{"line":7,"column":16}},"7":{"start":{"line":8,"column":0},"end":{"line":8,"column":49}},"8":{"start":{"line":9,"column":0},"end":{"line":9,"column":24}},"9":{"start":{"line":10,"column":0},"end":{"line":10,"column":16}},"10":{"start":{"line":12,"column":0},"end":{"line":12,"column":21}}},"fnMap":{},"branchMap":{"0":{"loc":{"start":{"line":5,"column":13},"end":{"line":5,"column":37}},"type":"binary-expr","locations":[{"start":{"line":5,"column":13},"end":{"line":5,"column":29}},{"start":{"line":5,"column":33},"end":{"line":5,"column":37}}],"line":5}},"s":{"0":2,"1":2,"2":2,"3":2,"4":2,"5":2,"6":2,"7":2,"8":2,"9":2,"10":2},"f":{},"b":{"0":[2,2]},"_coverageSchema":"1a1c01bbd47fc00a2c39e90264f33305004495a9","hash":"b2d01a63413db076a21af5793b087e10e864770b"}
,"D:\\Hacktiv8\\loveynest-server\\controllers\\appquizcontroller.js": {"path":"D:\\Hacktiv8\\loveynest-server\\controllers\\appquizcontroller.js","statementMap":{"0":{"start":{"line":2,"column":49},"end":{"line":2,"column":69}},"1":{"start":{"line":6,"column":8},"end":{"line":14,"column":9}},"2":{"start":{"line":7,"column":29},"end":{"line":7,"column":52}},"3":{"start":{"line":8,"column":12},"end":{"line":8,"column":43}},"4":{"start":{"line":10,"column":12},"end":{"line":10,"column":29}},"5":{"start":{"line":11,"column":12},"end":{"line":13,"column":15}},"6":{"start":{"line":18,"column":8},"end":{"line":29,"column":9}},"7":{"start":{"line":19,"column":27},"end":{"line":19,"column":28}},"8":{"start":{"line":20,"column":55},"end":{"line":20,"column":63}},"9":{"start":{"line":21,"column":28},"end":{"line":21,"column":70}},"10":{"start":{"line":22,"column":31},"end":{"line":22,"column":68}},"11":{"start":{"line":23,"column":12},"end":{"line":23,"column":45}},"12":{"start":{"line":25,"column":12},"end":{"line":25,"column":29}},"13":{"start":{"line":26,"column":12},"end":{"line":28,"column":15}},"14":{"start":{"line":33,"column":8},"end":{"line":45,"column":9}},"15":{"start":{"line":34,"column":31},"end":{"line":37,"column":14}},"16":{"start":{"line":39,"column":12},"end":{"line":39,"column":45}},"17":{"start":{"line":41,"column":12},"end":{"line":41,"column":29}},"18":{"start":{"line":42,"column":12},"end":{"line":44,"column":15}},"19":{"start":{"line":49,"column":8},"end":{"line":75,"column":9}},"20":{"start":{"line":50,"column":27},"end":{"line":50,"column":41}},"21":{"start":{"line":51,"column":25},"end":{"line":55,"column":14}},"22":{"start":{"line":57,"column":12},"end":{"line":59,"column":13}},"23":{"start":{"line":58,"column":16},"end":{"line":58,"column":36}},"24":{"start":{"line":61,"column":35},"end":{"line":67,"column":14}},"25":{"start":{"line":69,"column":12},"end":{"line":69,"column":49}},"26":{"start":{"line":71,"column":12},"end":{"line":71,"column":29}},"27":{"start":{"line":72,"column":12},"end":{"line":74,"column":15}},"28":{"start":{"line":79,"column":0},"end":{"line":79,"column":32}}},"fnMap":{"0":{"name":"(anonymous_0)","decl":{"start":{"line":5,"column":4},"end":{"line":5,"column":5}},"loc":{"start":{"line":5,"column":44},"end":{"line":15,"column":5}},"line":5},"1":{"name":"(anonymous_1)","decl":{"start":{"line":17,"column":4},"end":{"line":17,"column":5}},"loc":{"start":{"line":17,"column":46},"end":{"line":30,"column":5}},"line":17},"2":{"name":"(anonymous_2)","decl":{"start":{"line":32,"column":4},"end":{"line":32,"column":5}},"loc":{"start":{"line":32,"column":43},"end":{"line":46,"column":5}},"line":32},"3":{"name":"(anonymous_3)","decl":{"start":{"line":48,"column":4},"end":{"line":48,"column":5}},"loc":{"start":{"line":48,"column":49},"end":{"line":76,"column":5}},"line":48}},"branchMap":{"0":{"loc":{"start":{"line":57,"column":12},"end":{"line":59,"column":13}},"type":"if","locations":[{"start":{"line":57,"column":12},"end":{"line":59,"column":13}},{"start":{},"end":{}}],"line":57}},"s":{"0":2,"1":1,"2":1,"3":1,"4":0,"5":0,"6":1,"7":1,"8":1,"9":1,"10":1,"11":1,"12":0,"13":0,"14":1,"15":1,"16":1,"17":0,"18":0,"19":2,"20":2,"21":2,"22":2,"23":1,"24":1,"25":1,"26":1,"27":1,"28":2},"f":{"0":1,"1":1,"2":1,"3":2},"b":{"0":[1,1]},"_coverageSchema":"1a1c01bbd47fc00a2c39e90264f33305004495a9","hash":"d5bcd6ffadabdf6cd6220a8da16fb6d6dba32733"}
,"D:\\Hacktiv8\\loveynest-server\\controllers\\couplecontroller.js": {"path":"D:\\Hacktiv8\\loveynest-server\\controllers\\couplecontroller.js","statementMap":{"0":{"start":{"line":5,"column":8},"end":{"line":8,"column":9}},"1":{"start":{"line":7,"column":12},"end":{"line":7,"column":29}},"2":{"start":{"line":12,"column":0},"end":{"line":12,"column":34}}},"fnMap":{"0":{"name":"(anonymous_0)","decl":{"start":{"line":4,"column":4},"end":{"line":4,"column":5}},"loc":{"start":{"line":4,"column":46},"end":{"line":9,"column":5}},"line":4}},"branchMap":{},"s":{"0":0,"1":0,"2":2},"f":{"0":0},"b":{},"_coverageSchema":"1a1c01bbd47fc00a2c39e90264f33305004495a9","hash":"f901e618e914fa9a11e56dd9f30a46f0653419c9"}
,"D:\\Hacktiv8\\loveynest-server\\controllers\\quizcontroller.js": {"path":"D:\\Hacktiv8\\loveynest-server\\controllers\\quizcontroller.js","statementMap":{"0":{"start":{"line":3,"column":60},"end":{"line":3,"column":80}},"1":{"start":{"line":8,"column":8},"end":{"line":20,"column":9}},"2":{"start":{"line":9,"column":27},"end":{"line":14,"column":14}},"3":{"start":{"line":16,"column":12},"end":{"line":16,"column":41}},"4":{"start":{"line":18,"column":12},"end":{"line":18,"column":31}},"5":{"start":{"line":19,"column":12},"end":{"line":19,"column":24}},"6":{"start":{"line":25,"column":8},"end":{"line":54,"column":9}},"7":{"start":{"line":26,"column":35},"end":{"line":26,"column":45}},"8":{"start":{"line":27,"column":25},"end":{"line":45,"column":14}},"9":{"start":{"line":47,"column":12},"end":{"line":51,"column":13}},"10":{"start":{"line":48,"column":16},"end":{"line":48,"column":49}},"11":{"start":{"line":50,"column":16},"end":{"line":50,"column":43}},"12":{"start":{"line":53,"column":12},"end":{"line":53,"column":24}},"13":{"start":{"line":59,"column":18},"end":{"line":59,"column":47}},"14":{"start":{"line":61,"column":8},"end":{"line":110,"column":9}},"15":{"start":{"line":62,"column":29},"end":{"line":62,"column":30}},"16":{"start":{"line":63,"column":29},"end":{"line":63,"column":30}},"17":{"start":{"line":65,"column":82},"end":{"line":65,"column":90}},"18":{"start":{"line":67,"column":12},"end":{"line":69,"column":13}},"19":{"start":{"line":68,"column":16},"end":{"line":68,"column":46}},"20":{"start":{"line":71,"column":30},"end":{"line":78,"column":13}},"21":{"start":{"line":80,"column":39},"end":{"line":83,"column":14}},"22":{"start":{"line":85,"column":12},"end":{"line":106,"column":13}},"23":{"start":{"line":86,"column":16},"end":{"line":86,"column":54}},"24":{"start":{"line":89,"column":38},"end":{"line":97,"column":17}},"25":{"start":{"line":99,"column":38},"end":{"line":99,"column":98}},"26":{"start":{"line":101,"column":16},"end":{"line":101,"column":33}},"27":{"start":{"line":103,"column":16},"end":{"line":105,"column":19}},"28":{"start":{"line":108,"column":12},"end":{"line":108,"column":25}},"29":{"start":{"line":109,"column":12},"end":{"line":109,"column":24}},"30":{"start":{"line":115,"column":18},"end":{"line":115,"column":47}},"31":{"start":{"line":117,"column":8},"end":{"line":221,"column":9}},"32":{"start":{"line":118,"column":40},"end":{"line":118,"column":48}},"33":{"start":{"line":119,"column":43},"end":{"line":119,"column":53}},"34":{"start":{"line":121,"column":36},"end":{"line":121,"column":83}},"35":{"start":{"line":122,"column":32},"end":{"line":122,"column":71}},"36":{"start":{"line":124,"column":12},"end":{"line":217,"column":13}},"37":{"start":{"line":125,"column":16},"end":{"line":125,"column":49}},"38":{"start":{"line":126,"column":19},"end":{"line":217,"column":13}},"39":{"start":{"line":127,"column":16},"end":{"line":127,"column":44}},"40":{"start":{"line":131,"column":36},"end":{"line":131,"column":75}},"41":{"start":{"line":133,"column":35},"end":{"line":133,"column":40}},"42":{"start":{"line":134,"column":33},"end":{"line":134,"column":55}},"43":{"start":{"line":135,"column":29},"end":{"line":135,"column":47}},"44":{"start":{"line":137,"column":16},"end":{"line":139,"column":17}},"45":{"start":{"line":138,"column":20},"end":{"line":138,"column":40}},"46":{"start":{"line":141,"column":16},"end":{"line":216,"column":17}},"47":{"start":{"line":144,"column":50},"end":{"line":155,"column":21}},"48":{"start":{"line":159,"column":20},"end":{"line":159,"column":38}},"49":{"start":{"line":160,"column":20},"end":{"line":160,"column":36}},"50":{"start":{"line":162,"column":45},"end":{"line":173,"column":21}},"51":{"start":{"line":175,"column":20},"end":{"line":175,"column":37}},"52":{"start":{"line":177,"column":20},"end":{"line":179,"column":23}},"53":{"start":{"line":183,"column":50},"end":{"line":194,"column":21}},"54":{"start":{"line":198,"column":45},"end":{"line":209,"column":21}},"55":{"start":{"line":211,"column":20},"end":{"line":211,"column":37}},"56":{"start":{"line":213,"column":20},"end":{"line":215,"column":23}},"57":{"start":{"line":219,"column":12},"end":{"line":219,"column":25}},"58":{"start":{"line":220,"column":12},"end":{"line":220,"column":24}},"59":{"start":{"line":226,"column":18},"end":{"line":226,"column":47}},"60":{"start":{"line":228,"column":8},"end":{"line":277,"column":9}},"61":{"start":{"line":229,"column":31},"end":{"line":229,"column":41}},"62":{"start":{"line":230,"column":59},"end":{"line":230,"column":67}},"63":{"start":{"line":232,"column":12},"end":{"line":272,"column":13}},"64":{"start":{"line":233,"column":16},"end":{"line":233,"column":46}},"65":{"start":{"line":235,"column":38},"end":{"line":243,"column":17}},"66":{"start":{"line":245,"column":48},"end":{"line":248,"column":18}},"67":{"start":{"line":250,"column":16},"end":{"line":271,"column":17}},"68":{"start":{"line":251,"column":20},"end":{"line":251,"column":62}},"69":{"start":{"line":254,"column":45},"end":{"line":264,"column":21}},"70":{"start":{"line":266,"column":20},"end":{"line":266,"column":37}},"71":{"start":{"line":268,"column":20},"end":{"line":270,"column":23}},"72":{"start":{"line":274,"column":12},"end":{"line":274,"column":31}},"73":{"start":{"line":275,"column":12},"end":{"line":275,"column":25}},"74":{"start":{"line":276,"column":12},"end":{"line":276,"column":24}},"75":{"start":{"line":282,"column":8},"end":{"line":296,"column":9}},"76":{"start":{"line":283,"column":35},"end":{"line":283,"column":45}},"77":{"start":{"line":284,"column":25},"end":{"line":284,"column":60}},"78":{"start":{"line":286,"column":12},"end":{"line":293,"column":13}},"79":{"start":{"line":287,"column":16},"end":{"line":287,"column":49}},"80":{"start":{"line":289,"column":16},"end":{"line":292,"column":19}},"81":{"start":{"line":295,"column":12},"end":{"line":295,"column":24}},"82":{"start":{"line":300,"column":0},"end":{"line":300,"column":32}}},"fnMap":{"0":{"name":"(anonymous_0)","decl":{"start":{"line":7,"column":4},"end":{"line":7,"column":5}},"loc":{"start":{"line":7,"column":41},"end":{"line":21,"column":5}},"line":7},"1":{"name":"(anonymous_1)","decl":{"start":{"line":24,"column":4},"end":{"line":24,"column":5}},"loc":{"start":{"line":24,"column":45},"end":{"line":55,"column":5}},"line":24},"2":{"name":"(anonymous_2)","decl":{"start":{"line":58,"column":4},"end":{"line":58,"column":5}},"loc":{"start":{"line":58,"column":44},"end":{"line":111,"column":5}},"line":58},"3":{"name":"(anonymous_3)","decl":{"start":{"line":114,"column":4},"end":{"line":114,"column":5}},"loc":{"start":{"line":114,"column":52},"end":{"line":222,"column":5}},"line":114},"4":{"name":"(anonymous_4)","decl":{"start":{"line":225,"column":4},"end":{"line":225,"column":5}},"loc":{"start":{"line":225,"column":48},"end":{"line":278,"column":5}},"line":225},"5":{"name":"(anonymous_5)","decl":{"start":{"line":281,"column":4},"end":{"line":281,"column":5}},"loc":{"start":{"line":281,"column":44},"end":{"line":297,"column":5}},"line":281}},"branchMap":{"0":{"loc":{"start":{"line":47,"column":12},"end":{"line":51,"column":13}},"type":"if","locations":[{"start":{"line":47,"column":12},"end":{"line":51,"column":13}},{"start":{"line":49,"column":19},"end":{"line":51,"column":13}}],"line":47},"1":{"loc":{"start":{"line":67,"column":12},"end":{"line":69,"column":13}},"type":"if","locations":[{"start":{"line":67,"column":12},"end":{"line":69,"column":13}},{"start":{},"end":{}}],"line":67},"2":{"loc":{"start":{"line":67,"column":16},"end":{"line":67,"column":60}},"type":"binary-expr","locations":[{"start":{"line":67,"column":16},"end":{"line":67,"column":23}},{"start":{"line":67,"column":27},"end":{"line":67,"column":36}},{"start":{"line":67,"column":40},"end":{"line":67,"column":48}},{"start":{"line":67,"column":52},"end":{"line":67,"column":60}}],"line":67},"3":{"loc":{"start":{"line":85,"column":12},"end":{"line":106,"column":13}},"type":"if","locations":[{"start":{"line":85,"column":12},"end":{"line":106,"column":13}},{"start":{"line":87,"column":19},"end":{"line":106,"column":13}}],"line":85},"4":{"loc":{"start":{"line":124,"column":12},"end":{"line":217,"column":13}},"type":"if","locations":[{"start":{"line":124,"column":12},"end":{"line":217,"column":13}},{"start":{"line":126,"column":19},"end":{"line":217,"column":13}}],"line":124},"5":{"loc":{"start":{"line":124,"column":16},"end":{"line":124,"column":48}},"type":"binary-expr","locations":[{"start":{"line":124,"column":16},"end":{"line":124,"column":32}},{"start":{"line":124,"column":36},"end":{"line":124,"column":48}}],"line":124},"6":{"loc":{"start":{"line":126,"column":19},"end":{"line":217,"column":13}},"type":"if","locations":[{"start":{"line":126,"column":19},"end":{"line":217,"column":13}},{"start":{"line":128,"column":19},"end":{"line":217,"column":13}}],"line":126},"7":{"loc":{"start":{"line":137,"column":16},"end":{"line":139,"column":17}},"type":"if","locations":[{"start":{"line":137,"column":16},"end":{"line":139,"column":17}},{"start":{},"end":{}}],"line":137},"8":{"loc":{"start":{"line":141,"column":16},"end":{"line":216,"column":17}},"type":"if","locations":[{"start":{"line":141,"column":16},"end":{"line":216,"column":17}},{"start":{"line":180,"column":23},"end":{"line":216,"column":17}}],"line":141},"9":{"loc":{"start":{"line":232,"column":12},"end":{"line":272,"column":13}},"type":"if","locations":[{"start":{"line":232,"column":12},"end":{"line":272,"column":13}},{"start":{"line":234,"column":19},"end":{"line":272,"column":13}}],"line":232},"10":{"loc":{"start":{"line":232,"column":16},"end":{"line":232,"column":60}},"type":"binary-expr","locations":[{"start":{"line":232,"column":16},"end":{"line":232,"column":23}},{"start":{"line":232,"column":27},"end":{"line":232,"column":36}},{"start":{"line":232,"column":40},"end":{"line":232,"column":48}},{"start":{"line":232,"column":52},"end":{"line":232,"column":60}}],"line":232},"11":{"loc":{"start":{"line":250,"column":16},"end":{"line":271,"column":17}},"type":"if","locations":[{"start":{"line":250,"column":16},"end":{"line":271,"column":17}},{"start":{"line":252,"column":23},"end":{"line":271,"column":17}}],"line":250},"12":{"loc":{"start":{"line":286,"column":12},"end":{"line":293,"column":13}},"type":"if","locations":[{"start":{"line":286,"column":12},"end":{"line":293,"column":13}},{"start":{"line":288,"column":19},"end":{"line":293,"column":13}}],"line":286}},"s":{"0":2,"1":0,"2":0,"3":0,"4":0,"5":0,"6":0,"7":0,"8":0,"9":0,"10":0,"11":0,"12":0,"13":0,"14":0,"15":0,"16":0,"17":0,"18":0,"19":0,"20":0,"21":0,"22":0,"23":0,"24":0,"25":0,"26":0,"27":0,"28":0,"29":0,"30":0,"31":0,"32":0,"33":0,"34":0,"35":0,"36":0,"37":0,"38":0,"39":0,"40":0,"41":0,"42":0,"43":0,"44":0,"45":0,"46":0,"47":0,"48":0,"49":0,"50":0,"51":0,"52":0,"53":0,"54":0,"55":0,"56":0,"57":0,"58":0,"59":0,"60":0,"61":0,"62":0,"63":0,"64":0,"65":0,"66":0,"67":0,"68":0,"69":0,"70":0,"71":0,"72":0,"73":0,"74":0,"75":0,"76":0,"77":0,"78":0,"79":0,"80":0,"81":0,"82":2},"f":{"0":0,"1":0,"2":0,"3":0,"4":0,"5":0},"b":{"0":[0,0],"1":[0,0],"2":[0,0,0,0],"3":[0,0],"4":[0,0],"5":[0,0],"6":[0,0],"7":[0,0],"8":[0,0],"9":[0,0],"10":[0,0,0,0],"11":[0,0],"12":[0,0]},"_coverageSchema":"1a1c01bbd47fc00a2c39e90264f33305004495a9","hash":"f27df7dbc2552791f542091106b40d49c563ea69"}
,"D:\\Hacktiv8\\loveynest-server\\controllers\\usercontroller.js": {"path":"D:\\Hacktiv8\\loveynest-server\\controllers\\usercontroller.js","statementMap":{"0":{"start":{"line":1,"column":36},"end":{"line":1,"column":56}},"1":{"start":{"line":2,"column":34},"end":{"line":2,"column":59}},"2":{"start":{"line":3,"column":20},"end":{"line":3,"column":48}},"3":{"start":{"line":7,"column":8},"end":{"line":32,"column":9}},"4":{"start":{"line":8,"column":87},"end":{"line":8,"column":95}},"5":{"start":{"line":10,"column":28},"end":{"line":17,"column":14}},"6":{"start":{"line":19,"column":12},"end":{"line":19,"column":36}},"7":{"start":{"line":21,"column":12},"end":{"line":29,"column":15}},"8":{"start":{"line":31,"column":12},"end":{"line":31,"column":29}},"9":{"start":{"line":36,"column":8},"end":{"line":49,"column":9}},"10":{"start":{"line":37,"column":26},"end":{"line":41,"column":14}},"11":{"start":{"line":43,"column":12},"end":{"line":46,"column":15}},"12":{"start":{"line":48,"column":12},"end":{"line":48,"column":29}},"13":{"start":{"line":53,"column":8},"end":{"line":68,"column":9}},"14":{"start":{"line":54,"column":27},"end":{"line":54,"column":37}},"15":{"start":{"line":56,"column":25},"end":{"line":60,"column":14}},"16":{"start":{"line":62,"column":12},"end":{"line":65,"column":15}},"17":{"start":{"line":67,"column":12},"end":{"line":67,"column":29}},"18":{"start":{"line":73,"column":8},"end":{"line":106,"column":9}},"19":{"start":{"line":74,"column":27},"end":{"line":74,"column":37}},"20":{"start":{"line":75,"column":64},"end":{"line":75,"column":72}},"21":{"start":{"line":77,"column":25},"end":{"line":77,"column":48}},"22":{"start":{"line":79,"column":12},"end":{"line":103,"column":13}},"23":{"start":{"line":80,"column":32},"end":{"line":93,"column":17}},"24":{"start":{"line":95,"column":16},"end":{"line":98,"column":19}},"25":{"start":{"line":100,"column":16},"end":{"line":102,"column":19}},"26":{"start":{"line":105,"column":12},"end":{"line":105,"column":29}},"27":{"start":{"line":110,"column":18},"end":{"line":110,"column":47}},"28":{"start":{"line":111,"column":8},"end":{"line":198,"column":9}},"29":{"start":{"line":112,"column":27},"end":{"line":112,"column":37}},"30":{"start":{"line":113,"column":36},"end":{"line":113,"column":44}},"31":{"start":{"line":115,"column":26},"end":{"line":115,"column":49}},"32":{"start":{"line":117,"column":12},"end":{"line":119,"column":13}},"33":{"start":{"line":118,"column":16},"end":{"line":118,"column":36}},"34":{"start":{"line":120,"column":12},"end":{"line":122,"column":13}},"35":{"start":{"line":121,"column":16},"end":{"line":121,"column":36}},"36":{"start":{"line":125,"column":12},"end":{"line":194,"column":13}},"37":{"start":{"line":126,"column":37},"end":{"line":137,"column":17}},"38":{"start":{"line":140,"column":30},"end":{"line":147,"column":17}},"39":{"start":{"line":150,"column":34},"end":{"line":156,"column":17}},"40":{"start":{"line":159,"column":44},"end":{"line":169,"column":17}},"41":{"start":{"line":171,"column":37},"end":{"line":182,"column":17}},"42":{"start":{"line":184,"column":16},"end":{"line":184,"column":33}},"43":{"start":{"line":186,"column":16},"end":{"line":189,"column":19}},"44":{"start":{"line":191,"column":16},"end":{"line":193,"column":19}},"45":{"start":{"line":196,"column":12},"end":{"line":196,"column":31}},"46":{"start":{"line":197,"column":12},"end":{"line":197,"column":29}},"47":{"start":{"line":202,"column":8},"end":{"line":225,"column":9}},"48":{"start":{"line":203,"column":27},"end":{"line":203,"column":37}},"49":{"start":{"line":205,"column":25},"end":{"line":205,"column":48}},"50":{"start":{"line":207,"column":12},"end":{"line":222,"column":13}},"51":{"start":{"line":208,"column":32},"end":{"line":212,"column":18}},"52":{"start":{"line":214,"column":16},"end":{"line":217,"column":19}},"53":{"start":{"line":219,"column":16},"end":{"line":221,"column":19}},"54":{"start":{"line":224,"column":12},"end":{"line":224,"column":29}},"55":{"start":{"line":229,"column":0},"end":{"line":229,"column":32}}},"fnMap":{"0":{"name":"(anonymous_0)","decl":{"start":{"line":6,"column":4},"end":{"line":6,"column":5}},"loc":{"start":{"line":6,"column":35},"end":{"line":33,"column":5}},"line":6},"1":{"name":"(anonymous_1)","decl":{"start":{"line":35,"column":4},"end":{"line":35,"column":5}},"loc":{"start":{"line":35,"column":39},"end":{"line":50,"column":5}},"line":35},"2":{"name":"(anonymous_2)","decl":{"start":{"line":52,"column":4},"end":{"line":52,"column":5}},"loc":{"start":{"line":52,"column":39},"end":{"line":69,"column":5}},"line":52},"3":{"name":"(anonymous_3)","decl":{"start":{"line":72,"column":4},"end":{"line":72,"column":5}},"loc":{"start":{"line":72,"column":38},"end":{"line":107,"column":5}},"line":72},"4":{"name":"(anonymous_4)","decl":{"start":{"line":109,"column":4},"end":{"line":109,"column":5}},"loc":{"start":{"line":109,"column":44},"end":{"line":199,"column":5}},"line":109},"5":{"name":"(anonymous_5)","decl":{"start":{"line":201,"column":4},"end":{"line":201,"column":5}},"loc":{"start":{"line":201,"column":38},"end":{"line":226,"column":5}},"line":201}},"branchMap":{"0":{"loc":{"start":{"line":79,"column":12},"end":{"line":103,"column":13}},"type":"if","locations":[{"start":{"line":79,"column":12},"end":{"line":103,"column":13}},{"start":{"line":99,"column":19},"end":{"line":103,"column":13}}],"line":79},"1":{"loc":{"start":{"line":117,"column":12},"end":{"line":119,"column":13}},"type":"if","locations":[{"start":{"line":117,"column":12},"end":{"line":119,"column":13}},{"start":{},"end":{}}],"line":117},"2":{"loc":{"start":{"line":120,"column":12},"end":{"line":122,"column":13}},"type":"if","locations":[{"start":{"line":120,"column":12},"end":{"line":122,"column":13}},{"start":{},"end":{}}],"line":120},"3":{"loc":{"start":{"line":125,"column":12},"end":{"line":194,"column":13}},"type":"if","locations":[{"start":{"line":125,"column":12},"end":{"line":194,"column":13}},{"start":{"line":190,"column":19},"end":{"line":194,"column":13}}],"line":125},"4":{"loc":{"start":{"line":207,"column":12},"end":{"line":222,"column":13}},"type":"if","locations":[{"start":{"line":207,"column":12},"end":{"line":222,"column":13}},{"start":{"line":218,"column":19},"end":{"line":222,"column":13}}],"line":207}},"s":{"0":2,"1":2,"2":2,"3":0,"4":0,"5":0,"6":0,"7":0,"8":0,"9":0,"10":0,"11":0,"12":0,"13":0,"14":0,"15":0,"16":0,"17":0,"18":0,"19":0,"20":0,"21":0,"22":0,"23":0,"24":0,"25":0,"26":0,"27":0,"28":0,"29":0,"30":0,"31":0,"32":0,"33":0,"34":0,"35":0,"36":0,"37":0,"38":0,"39":0,"40":0,"41":0,"42":0,"43":0,"44":0,"45":0,"46":0,"47":0,"48":0,"49":0,"50":0,"51":0,"52":0,"53":0,"54":0,"55":2},"f":{"0":0,"1":0,"2":0,"3":0,"4":0,"5":0},"b":{"0":[0,0],"1":[0,0],"2":[0,0],"3":[0,0],"4":[0,0]},"_coverageSchema":"1a1c01bbd47fc00a2c39e90264f33305004495a9","hash":"5d82868bce67b90e672af5b14cf1efe8a0a4b2b9"}
,"D:\\Hacktiv8\\loveynest-server\\helpers\\bcrypt.js": {"path":"D:\\Hacktiv8\\loveynest-server\\helpers\\bcrypt.js","statementMap":{"0":{"start":{"line":1,"column":15},"end":{"line":1,"column":34}},"1":{"start":{"line":4,"column":4},"end":{"line":4,"column":41}},"2":{"start":{"line":8,"column":4},"end":{"line":8,"column":56}},"3":{"start":{"line":11,"column":0},"end":{"line":11,"column":35}}},"fnMap":{"0":{"name":"hash","decl":{"start":{"line":3,"column":9},"end":{"line":3,"column":13}},"loc":{"start":{"line":3,"column":24},"end":{"line":5,"column":1}},"line":3},"1":{"name":"compare","decl":{"start":{"line":7,"column":9},"end":{"line":7,"column":16}},"loc":{"start":{"line":7,"column":43},"end":{"line":9,"column":1}},"line":7}},"branchMap":{},"s":{"0":2,"1":0,"2":0,"3":2},"f":{"0":0,"1":0},"b":{},"_coverageSchema":"1a1c01bbd47fc00a2c39e90264f33305004495a9","hash":"0ee0d44de333778f287d55d3259e3d526ef70717"}
,"D:\\Hacktiv8\\loveynest-server\\helpers\\jwt.js": {"path":"D:\\Hacktiv8\\loveynest-server\\helpers\\jwt.js","statementMap":{"0":{"start":{"line":3,"column":12},"end":{"line":3,"column":35}},"1":{"start":{"line":4,"column":18},"end":{"line":4,"column":40}},"2":{"start":{"line":6,"column":30},"end":{"line":10,"column":1}},"3":{"start":{"line":7,"column":4},"end":{"line":9,"column":7}},"4":{"start":{"line":12,"column":30},"end":{"line":14,"column":1}},"5":{"start":{"line":13,"column":4},"end":{"line":13,"column":40}},"6":{"start":{"line":16,"column":0},"end":{"line":16,"column":66}}},"fnMap":{"0":{"name":"(anonymous_0)","decl":{"start":{"line":6,"column":30},"end":{"line":6,"column":31}},"loc":{"start":{"line":6,"column":43},"end":{"line":10,"column":1}},"line":6},"1":{"name":"(anonymous_1)","decl":{"start":{"line":12,"column":30},"end":{"line":12,"column":31}},"loc":{"start":{"line":12,"column":41},"end":{"line":14,"column":1}},"line":12}},"branchMap":{},"s":{"0":2,"1":2,"2":2,"3":0,"4":2,"5":0,"6":2},"f":{"0":0,"1":0},"b":{},"_coverageSchema":"1a1c01bbd47fc00a2c39e90264f33305004495a9","hash":"8ff031000bf846f4d669865825b64f60d9f405de"}
,"D:\\Hacktiv8\\loveynest-server\\models\\appquizresults.js": {"path":"D:\\Hacktiv8\\loveynest-server\\models\\appquizresults.js","statementMap":{"0":{"start":{"line":2,"column":18},"end":{"line":2,"column":38}},"1":{"start":{"line":3,"column":0},"end":{"line":32,"column":2}},"2":{"start":{"line":11,"column":12},"end":{"line":13,"column":15}},"3":{"start":{"line":14,"column":12},"end":{"line":16,"column":15}},"4":{"start":{"line":19,"column":4},"end":{"line":30,"column":6}},"5":{"start":{"line":31,"column":4},"end":{"line":31,"column":25}}},"fnMap":{"0":{"name":"(anonymous_0)","decl":{"start":{"line":3,"column":17},"end":{"line":3,"column":18}},"loc":{"start":{"line":3,"column":43},"end":{"line":32,"column":1}},"line":3},"1":{"name":"(anonymous_1)","decl":{"start":{"line":10,"column":8},"end":{"line":10,"column":9}},"loc":{"start":{"line":10,"column":33},"end":{"line":17,"column":9}},"line":10}},"branchMap":{},"s":{"0":2,"1":2,"2":2,"3":2,"4":2,"5":2},"f":{"0":2,"1":2},"b":{},"_coverageSchema":"1a1c01bbd47fc00a2c39e90264f33305004495a9","hash":"425f219956d6e8632f220adbb358ed4fb4bb1d69"}
,"D:\\Hacktiv8\\loveynest-server\\models\\appquizzes.js": {"path":"D:\\Hacktiv8\\loveynest-server\\models\\appquizzes.js","statementMap":{"0":{"start":{"line":2,"column":18},"end":{"line":2,"column":38}},"1":{"start":{"line":3,"column":0},"end":{"line":28,"column":2}},"2":{"start":{"line":11,"column":12},"end":{"line":13,"column":15}},"3":{"start":{"line":17,"column":4},"end":{"line":26,"column":6}},"4":{"start":{"line":27,"column":4},"end":{"line":27,"column":19}}},"fnMap":{"0":{"name":"(anonymous_0)","decl":{"start":{"line":3,"column":17},"end":{"line":3,"column":18}},"loc":{"start":{"line":3,"column":43},"end":{"line":28,"column":1}},"line":3},"1":{"name":"(anonymous_1)","decl":{"start":{"line":10,"column":8},"end":{"line":10,"column":9}},"loc":{"start":{"line":10,"column":33},"end":{"line":14,"column":9}},"line":10}},"branchMap":{},"s":{"0":2,"1":2,"2":2,"3":2,"4":2},"f":{"0":2,"1":2},"b":{},"_coverageSchema":"1a1c01bbd47fc00a2c39e90264f33305004495a9","hash":"dd7ac0b0712595828476db8740e7f31f2c68c10a"}
,"D:\\Hacktiv8\\loveynest-server\\models\\couples.js": {"path":"D:\\Hacktiv8\\loveynest-server\\models\\couples.js","statementMap":{"0":{"start":{"line":2,"column":18},"end":{"line":2,"column":38}},"1":{"start":{"line":3,"column":0},"end":{"line":26,"column":2}},"2":{"start":{"line":11,"column":12},"end":{"line":11,"column":68}},"3":{"start":{"line":14,"column":4},"end":{"line":24,"column":6}},"4":{"start":{"line":25,"column":4},"end":{"line":25,"column":18}}},"fnMap":{"0":{"name":"(anonymous_0)","decl":{"start":{"line":3,"column":17},"end":{"line":3,"column":18}},"loc":{"start":{"line":3,"column":43},"end":{"line":26,"column":1}},"line":3},"1":{"name":"(anonymous_1)","decl":{"start":{"line":10,"column":8},"end":{"line":10,"column":9}},"loc":{"start":{"line":10,"column":33},"end":{"line":12,"column":9}},"line":10}},"branchMap":{},"s":{"0":2,"1":2,"2":2,"3":2,"4":2},"f":{"0":2,"1":2},"b":{},"_coverageSchema":"1a1c01bbd47fc00a2c39e90264f33305004495a9","hash":"7d10fb6e1f6206bd5af966fc623660bcfe90bd4f"}
,"D:\\Hacktiv8\\loveynest-server\\models\\coupletopics.js": {"path":"D:\\Hacktiv8\\loveynest-server\\models\\coupletopics.js","statementMap":{"0":{"start":{"line":2,"column":18},"end":{"line":2,"column":38}},"1":{"start":{"line":3,"column":0},"end":{"line":26,"column":2}},"2":{"start":{"line":14,"column":4},"end":{"line":24,"column":6}},"3":{"start":{"line":25,"column":4},"end":{"line":25,"column":23}}},"fnMap":{"0":{"name":"(anonymous_0)","decl":{"start":{"line":3,"column":17},"end":{"line":3,"column":18}},"loc":{"start":{"line":3,"column":43},"end":{"line":26,"column":1}},"line":3},"1":{"name":"(anonymous_1)","decl":{"start":{"line":10,"column":8},"end":{"line":10,"column":9}},"loc":{"start":{"line":10,"column":33},"end":{"line":12,"column":9}},"line":10}},"branchMap":{},"s":{"0":2,"1":2,"2":2,"3":2},"f":{"0":2,"1":2},"b":{},"_coverageSchema":"1a1c01bbd47fc00a2c39e90264f33305004495a9","hash":"a0b8d4c2b664f339ec1217df5798f334c6d69fc1"}
,"D:\\Hacktiv8\\loveynest-server\\models\\index.js": {"path":"D:\\Hacktiv8\\loveynest-server\\models\\index.js","statementMap":{"0":{"start":{"line":3,"column":11},"end":{"line":3,"column":24}},"1":{"start":{"line":4,"column":13},"end":{"line":4,"column":28}},"2":{"start":{"line":5,"column":18},"end":{"line":5,"column":38}},"3":{"start":{"line":6,"column":17},"end":{"line":6,"column":42}},"4":{"start":{"line":7,"column":12},"end":{"line":7,"column":49}},"5":{"start":{"line":8,"column":15},"end":{"line":8,"column":65}},"6":{"start":{"line":9,"column":11},"end":{"line":9,"column":13}},"7":{"start":{"line":12,"column":0},"end":{"line":16,"column":1}},"8":{"start":{"line":13,"column":4},"end":{"line":13,"column":76}},"9":{"start":{"line":15,"column":4},"end":{"line":15,"column":89}},"10":{"start":{"line":18,"column":0},"end":{"line":25,"column":7}},"11":{"start":{"line":20,"column":8},"end":{"line":20,"column":88}},"12":{"start":{"line":23,"column":22},"end":{"line":23,"column":89}},"13":{"start":{"line":24,"column":8},"end":{"line":24,"column":31}},"14":{"start":{"line":27,"column":0},"end":{"line":31,"column":3}},"15":{"start":{"line":28,"column":4},"end":{"line":30,"column":5}},"16":{"start":{"line":29,"column":8},"end":{"line":29,"column":36}},"17":{"start":{"line":33,"column":0},"end":{"line":33,"column":25}},"18":{"start":{"line":34,"column":0},"end":{"line":34,"column":25}},"19":{"start":{"line":36,"column":0},"end":{"line":36,"column":20}}},"fnMap":{"0":{"name":"(anonymous_0)","decl":{"start":{"line":19,"column":12},"end":{"line":19,"column":13}},"loc":{"start":{"line":19,"column":22},"end":{"line":21,"column":5}},"line":19},"1":{"name":"(anonymous_1)","decl":{"start":{"line":22,"column":13},"end":{"line":22,"column":14}},"loc":{"start":{"line":22,"column":23},"end":{"line":25,"column":5}},"line":22},"2":{"name":"(anonymous_2)","decl":{"start":{"line":27,"column":24},"end":{"line":27,"column":25}},"loc":{"start":{"line":27,"column":39},"end":{"line":31,"column":1}},"line":27}},"branchMap":{"0":{"loc":{"start":{"line":7,"column":12},"end":{"line":7,"column":49}},"type":"binary-expr","locations":[{"start":{"line":7,"column":12},"end":{"line":7,"column":32}},{"start":{"line":7,"column":36},"end":{"line":7,"column":49}}],"line":7},"1":{"loc":{"start":{"line":12,"column":0},"end":{"line":16,"column":1}},"type":"if","locations":[{"start":{"line":12,"column":0},"end":{"line":16,"column":1}},{"start":{"line":14,"column":7},"end":{"line":16,"column":1}}],"line":12},"2":{"loc":{"start":{"line":20,"column":15},"end":{"line":20,"column":87}},"type":"binary-expr","locations":[{"start":{"line":20,"column":15},"end":{"line":20,"column":38}},{"start":{"line":20,"column":42},"end":{"line":20,"column":59}},{"start":{"line":20,"column":63},"end":{"line":20,"column":87}}],"line":20},"3":{"loc":{"start":{"line":28,"column":4},"end":{"line":30,"column":5}},"type":"if","locations":[{"start":{"line":28,"column":4},"end":{"line":30,"column":5}},{"start":{},"end":{}}],"line":28}},"s":{"0":2,"1":2,"2":2,"3":2,"4":2,"5":2,"6":2,"7":2,"8":0,"9":2,"10":2,"11":22,"12":20,"13":20,"14":2,"15":20,"16":20,"17":2,"18":2,"19":2},"f":{"0":22,"1":20,"2":20},"b":{"0":[2,0],"1":[0,2],"2":[22,22,20],"3":[20,0]},"_coverageSchema":"1a1c01bbd47fc00a2c39e90264f33305004495a9","hash":"fee50fb749f0df4089408640468cd8206503eca4"}
,"D:\\Hacktiv8\\loveynest-server\\models\\quizcategories.js": {"path":"D:\\Hacktiv8\\loveynest-server\\models\\quizcategories.js","statementMap":{"0":{"start":{"line":2,"column":18},"end":{"line":2,"column":38}},"1":{"start":{"line":3,"column":0},"end":{"line":48,"column":2}},"2":{"start":{"line":12,"column":12},"end":{"line":12,"column":84}},"3":{"start":{"line":15,"column":4},"end":{"line":46,"column":6}},"4":{"start":{"line":47,"column":4},"end":{"line":47,"column":24}}},"fnMap":{"0":{"name":"(anonymous_0)","decl":{"start":{"line":3,"column":17},"end":{"line":3,"column":18}},"loc":{"start":{"line":3,"column":43},"end":{"line":48,"column":1}},"line":3},"1":{"name":"(anonymous_1)","decl":{"start":{"line":10,"column":8},"end":{"line":10,"column":9}},"loc":{"start":{"line":10,"column":33},"end":{"line":13,"column":9}},"line":10}},"branchMap":{},"s":{"0":2,"1":2,"2":2,"3":2,"4":2},"f":{"0":2,"1":2},"b":{},"_coverageSchema":"1a1c01bbd47fc00a2c39e90264f33305004495a9","hash":"9e21ffff635fd7ca69c93ff5cd5fe1218eba9546"}
,"D:\\Hacktiv8\\loveynest-server\\models\\topic.js": {"path":"D:\\Hacktiv8\\loveynest-server\\models\\topic.js","statementMap":{"0":{"start":{"line":2,"column":18},"end":{"line":2,"column":38}},"1":{"start":{"line":3,"column":0},"end":{"line":25,"column":2}},"2":{"start":{"line":14,"column":4},"end":{"line":23,"column":6}},"3":{"start":{"line":24,"column":4},"end":{"line":24,"column":17}}},"fnMap":{"0":{"name":"(anonymous_0)","decl":{"start":{"line":3,"column":17},"end":{"line":3,"column":18}},"loc":{"start":{"line":3,"column":43},"end":{"line":25,"column":1}},"line":3},"1":{"name":"(anonymous_1)","decl":{"start":{"line":10,"column":8},"end":{"line":10,"column":9}},"loc":{"start":{"line":10,"column":33},"end":{"line":12,"column":9}},"line":10}},"branchMap":{},"s":{"0":2,"1":2,"2":2,"3":2},"f":{"0":2,"1":2},"b":{},"_coverageSchema":"1a1c01bbd47fc00a2c39e90264f33305004495a9","hash":"9800022b6634927847296a1825c1cd90ccfba527"}
,"D:\\Hacktiv8\\loveynest-server\\models\\topiccategories.js": {"path":"D:\\Hacktiv8\\loveynest-server\\models\\topiccategories.js","statementMap":{"0":{"start":{"line":2,"column":18},"end":{"line":2,"column":38}},"1":{"start":{"line":3,"column":0},"end":{"line":24,"column":2}},"2":{"start":{"line":14,"column":4},"end":{"line":22,"column":6}},"3":{"start":{"line":23,"column":4},"end":{"line":23,"column":25}}},"fnMap":{"0":{"name":"(anonymous_0)","decl":{"start":{"line":3,"column":17},"end":{"line":3,"column":18}},"loc":{"start":{"line":3,"column":43},"end":{"line":24,"column":1}},"line":3},"1":{"name":"(anonymous_1)","decl":{"start":{"line":10,"column":8},"end":{"line":10,"column":9}},"loc":{"start":{"line":10,"column":33},"end":{"line":12,"column":9}},"line":10}},"branchMap":{},"s":{"0":2,"1":2,"2":2,"3":2},"f":{"0":2,"1":2},"b":{},"_coverageSchema":"1a1c01bbd47fc00a2c39e90264f33305004495a9","hash":"26ca1939926e877d30e46666dfe34e15f031903e"}
,"D:\\Hacktiv8\\loveynest-server\\models\\user.js": {"path":"D:\\Hacktiv8\\loveynest-server\\models\\user.js","statementMap":{"0":{"start":{"line":2,"column":17},"end":{"line":2,"column":45}},"1":{"start":{"line":3,"column":18},"end":{"line":3,"column":38}},"2":{"start":{"line":4,"column":0},"end":{"line":56,"column":2}},"3":{"start":{"line":12,"column":12},"end":{"line":12,"column":70}},"4":{"start":{"line":15,"column":4},"end":{"line":53,"column":6}},"5":{"start":{"line":35,"column":20},"end":{"line":47,"column":21}},"6":{"start":{"line":36,"column":24},"end":{"line":36,"column":68}},"7":{"start":{"line":37,"column":38},"end":{"line":37,"column":58}},"8":{"start":{"line":38,"column":42},"end":{"line":40,"column":26}},"9":{"start":{"line":39,"column":28},"end":{"line":39,"column":49}},"10":{"start":{"line":41,"column":24},"end":{"line":41,"column":42}},"11":{"start":{"line":42,"column":24},"end":{"line":44,"column":78}},"12":{"start":{"line":43,"column":28},"end":{"line":43,"column":84}},"13":{"start":{"line":46,"column":24},"end":{"line":46,"column":41}},"14":{"start":{"line":55,"column":4},"end":{"line":55,"column":16}}},"fnMap":{"0":{"name":"(anonymous_0)","decl":{"start":{"line":4,"column":17},"end":{"line":4,"column":18}},"loc":{"start":{"line":4,"column":43},"end":{"line":56,"column":1}},"line":4},"1":{"name":"(anonymous_1)","decl":{"start":{"line":11,"column":8},"end":{"line":11,"column":9}},"loc":{"start":{"line":11,"column":33},"end":{"line":13,"column":9}},"line":11},"2":{"name":"(anonymous_2)","decl":{"start":{"line":34,"column":16},"end":{"line":34,"column":17}},"loc":{"start":{"line":34,"column":54},"end":{"line":48,"column":17}},"line":34},"3":{"name":"(anonymous_3)","decl":{"start":{"line":38,"column":52},"end":{"line":38,"column":53}},"loc":{"start":{"line":38,"column":62},"end":{"line":40,"column":25}},"line":38}},"branchMap":{},"s":{"0":2,"1":2,"2":2,"3":2,"4":2,"5":0,"6":0,"7":0,"8":0,"9":0,"10":0,"11":0,"12":0,"13":0,"14":2},"f":{"0":2,"1":2,"2":0,"3":0},"b":{},"_coverageSchema":"1a1c01bbd47fc00a2c39e90264f33305004495a9","hash":"81804bf9fabb43675e45f664fc1dabe330541d0e"}
,"D:\\Hacktiv8\\loveynest-server\\models\\userquestions.js": {"path":"D:\\Hacktiv8\\loveynest-server\\models\\userquestions.js","statementMap":{"0":{"start":{"line":2,"column":18},"end":{"line":2,"column":38}},"1":{"start":{"line":3,"column":0},"end":{"line":64,"column":2}},"2":{"start":{"line":12,"column":12},"end":{"line":12,"column":78}},"3":{"start":{"line":15,"column":4},"end":{"line":62,"column":6}},"4":{"start":{"line":63,"column":4},"end":{"line":63,"column":24}}},"fnMap":{"0":{"name":"(anonymous_0)","decl":{"start":{"line":3,"column":17},"end":{"line":3,"column":18}},"loc":{"start":{"line":3,"column":43},"end":{"line":64,"column":1}},"line":3},"1":{"name":"(anonymous_1)","decl":{"start":{"line":10,"column":8},"end":{"line":10,"column":9}},"loc":{"start":{"line":10,"column":33},"end":{"line":13,"column":9}},"line":10}},"branchMap":{},"s":{"0":2,"1":2,"2":2,"3":2,"4":2},"f":{"0":2,"1":2},"b":{},"_coverageSchema":"1a1c01bbd47fc00a2c39e90264f33305004495a9","hash":"eae83bd03782604a9b1287fe0bb7543b056a323d"}
,"D:\\Hacktiv8\\loveynest-server\\models\\userquizzes.js": {"path":"D:\\Hacktiv8\\loveynest-server\\models\\userquizzes.js","statementMap":{"0":{"start":{"line":2,"column":29},"end":{"line":2,"column":49}},"1":{"start":{"line":3,"column":0},"end":{"line":37,"column":2}},"2":{"start":{"line":7,"column":12},"end":{"line":7,"column":86}},"3":{"start":{"line":8,"column":12},"end":{"line":8,"column":76}},"4":{"start":{"line":11,"column":4},"end":{"line":35,"column":6}},"5":{"start":{"line":36,"column":4},"end":{"line":36,"column":20}}},"fnMap":{"0":{"name":"(anonymous_0)","decl":{"start":{"line":3,"column":17},"end":{"line":3,"column":18}},"loc":{"start":{"line":3,"column":43},"end":{"line":37,"column":1}},"line":3},"1":{"name":"(anonymous_1)","decl":{"start":{"line":5,"column":8},"end":{"line":5,"column":9}},"loc":{"start":{"line":5,"column":33},"end":{"line":9,"column":9}},"line":5}},"branchMap":{},"s":{"0":2,"1":2,"2":2,"3":2,"4":2,"5":2},"f":{"0":2,"1":2},"b":{},"_coverageSchema":"1a1c01bbd47fc00a2c39e90264f33305004495a9","hash":"44315385a9d36e8c546c20a374c47cfffab446e7"}
,"D:\\Hacktiv8\\loveynest-server\\routes\\appquiz.js": {"path":"D:\\Hacktiv8\\loveynest-server\\routes\\appquiz.js","statementMap":{"0":{"start":{"line":2,"column":16},"end":{"line":2,"column":34}},"1":{"start":{"line":3,"column":18},"end":{"line":3,"column":34}},"2":{"start":{"line":4,"column":23},"end":{"line":4,"column":66}},"3":{"start":{"line":6,"column":0},"end":{"line":6,"column":46}},"4":{"start":{"line":7,"column":0},"end":{"line":7,"column":51}},"5":{"start":{"line":8,"column":0},"end":{"line":8,"column":55}},"6":{"start":{"line":9,"column":0},"end":{"line":9,"column":61}},"7":{"start":{"line":11,"column":0},"end":{"line":11,"column":27}}},"fnMap":{},"branchMap":{},"s":{"0":2,"1":2,"2":2,"3":2,"4":2,"5":2,"6":2,"7":2},"f":{},"b":{},"_coverageSchema":"1a1c01bbd47fc00a2c39e90264f33305004495a9","hash":"60a0bbda1a0141fd78619df5fdb36001d595fb98"}
,"D:\\Hacktiv8\\loveynest-server\\routes\\couple.js": {"path":"D:\\Hacktiv8\\loveynest-server\\routes\\couple.js","statementMap":{"0":{"start":{"line":1,"column":15},"end":{"line":1,"column":42}},"1":{"start":{"line":2,"column":25},"end":{"line":2,"column":67}},"2":{"start":{"line":4,"column":0},"end":{"line":4,"column":47}},"3":{"start":{"line":6,"column":0},"end":{"line":6,"column":24}}},"fnMap":{},"branchMap":{},"s":{"0":2,"1":2,"2":2,"3":2},"f":{},"b":{},"_coverageSchema":"1a1c01bbd47fc00a2c39e90264f33305004495a9","hash":"8b85a3c19a8bbeeecf6ac24da2de1b4508f330e7"}
,"D:\\Hacktiv8\\loveynest-server\\routes\\index.js": {"path":"D:\\Hacktiv8\\loveynest-server\\routes\\index.js","statementMap":{"0":{"start":{"line":1,"column":16},"end":{"line":1,"column":34}},"1":{"start":{"line":2,"column":15},"end":{"line":2,"column":31}},"2":{"start":{"line":4,"column":0},"end":{"line":4,"column":41}},"3":{"start":{"line":5,"column":0},"end":{"line":5,"column":43}},"4":{"start":{"line":6,"column":0},"end":{"line":6,"column":45}},"5":{"start":{"line":7,"column":0},"end":{"line":7,"column":47}},"6":{"start":{"line":9,"column":0},"end":{"line":9,"column":24}}},"fnMap":{},"branchMap":{},"s":{"0":2,"1":2,"2":2,"3":2,"4":2,"5":2,"6":2},"f":{},"b":{},"_coverageSchema":"1a1c01bbd47fc00a2c39e90264f33305004495a9","hash":"bf5d7dab92b6467ad8df265dba0f8c67770ee914"}
,"D:\\Hacktiv8\\loveynest-server\\routes\\userquiz.js": {"path":"D:\\Hacktiv8\\loveynest-server\\routes\\userquiz.js","statementMap":{"0":{"start":{"line":1,"column":15},"end":{"line":1,"column":42}},"1":{"start":{"line":2,"column":23},"end":{"line":2,"column":63}},"2":{"start":{"line":4,"column":0},"end":{"line":4,"column":40}},"3":{"start":{"line":5,"column":0},"end":{"line":5,"column":44}},"4":{"start":{"line":7,"column":0},"end":{"line":7,"column":72}},"5":{"start":{"line":8,"column":0},"end":{"line":8,"column":51}},"6":{"start":{"line":9,"column":0},"end":{"line":9,"column":55}},"7":{"start":{"line":10,"column":0},"end":{"line":10,"column":62}},"8":{"start":{"line":12,"column":0},"end":{"line":12,"column":24}}},"fnMap":{},"branchMap":{},"s":{"0":2,"1":2,"2":2,"3":2,"4":2,"5":2,"6":2,"7":2,"8":2},"f":{},"b":{},"_coverageSchema":"1a1c01bbd47fc00a2c39e90264f33305004495a9","hash":"f637b514c4d9196aa484ecd39ab645fe27805f7f"}
,"D:\\Hacktiv8\\loveynest-server\\routes\\users.js": {"path":"D:\\Hacktiv8\\loveynest-server\\routes\\users.js","statementMap":{"0":{"start":{"line":1,"column":16},"end":{"line":1,"column":34}},"1":{"start":{"line":2,"column":20},"end":{"line":2,"column":36}},"2":{"start":{"line":3,"column":23},"end":{"line":3,"column":63}},"3":{"start":{"line":5,"column":0},"end":{"line":5,"column":46}},"4":{"start":{"line":6,"column":0},"end":{"line":6,"column":49}},"5":{"start":{"line":7,"column":0},"end":{"line":7,"column":52}},"6":{"start":{"line":8,"column":0},"end":{"line":8,"column":51}},"7":{"start":{"line":9,"column":0},"end":{"line":9,"column":72}},"8":{"start":{"line":10,"column":0},"end":{"line":10,"column":54}},"9":{"start":{"line":12,"column":0},"end":{"line":12,"column":29}}},"fnMap":{},"branchMap":{},"s":{"0":2,"1":2,"2":2,"3":2,"4":2,"5":2,"6":2,"7":2,"8":2,"9":2},"f":{},"b":{},"_coverageSchema":"1a1c01bbd47fc00a2c39e90264f33305004495a9","hash":"a9bd8f1bc577257de460fab220ea51ebc79dd095"}
}
