{"D:\\Hacktiv8\\loveynest-server\\app.js": {"path":"D:\\Hacktiv8\\loveynest-server\\app.js","statementMap":{"0":{"start":{"line":1,"column":0},"end":{"line":1,"column":27}},"1":{"start":{"line":2,"column":13},"end":{"line":2,"column":28}},"2":{"start":{"line":3,"column":16},"end":{"line":3,"column":34}},"3":{"start":{"line":4,"column":12},"end":{"line":4,"column":21}},"4":{"start":{"line":5,"column":13},"end":{"line":5,"column":37}},"5":{"start":{"line":6,"column":15},"end":{"line":6,"column":40}},"6":{"start":{"line":7,"column":21},"end":{"line":7,"column":58}},"7":{"start":{"line":8,"column":0},"end":{"line":8,"column":16}},"8":{"start":{"line":9,"column":0},"end":{"line":9,"column":63}},"9":{"start":{"line":10,"column":0},"end":{"line":10,"column":41}},"10":{"start":{"line":11,"column":0},"end":{"line":11,"column":16}},"11":{"start":{"line":12,"column":0},"end":{"line":12,"column":22}},"12":{"start":{"line":13,"column":0},"end":{"line":13,"column":21}}},"fnMap":{},"branchMap":{"0":{"loc":{"start":{"line":5,"column":13},"end":{"line":5,"column":37}},"type":"binary-expr","locations":[{"start":{"line":5,"column":13},"end":{"line":5,"column":29}},{"start":{"line":5,"column":33},"end":{"line":5,"column":37}}],"line":5}},"s":{"0":5,"1":5,"2":5,"3":5,"4":5,"5":5,"6":5,"7":5,"8":5,"9":5,"10":5,"11":5,"12":5},"f":{},"b":{"0":[5,5]},"_coverageSchema":"1a1c01bbd47fc00a2c39e90264f33305004495a9","hash":"6913cfcfe2633ea44bce5ce5fbb1668267613637"}
,"D:\\Hacktiv8\\loveynest-server\\controllers\\appquizcontroller.js": {"path":"D:\\Hacktiv8\\loveynest-server\\controllers\\appquizcontroller.js","statementMap":{"0":{"start":{"line":2,"column":60},"end":{"line":2,"column":80}},"1":{"start":{"line":3,"column":15},"end":{"line":3,"column":35}},"2":{"start":{"line":7,"column":8},"end":{"line":12,"column":9}},"3":{"start":{"line":8,"column":29},"end":{"line":8,"column":52}},"4":{"start":{"line":9,"column":12},"end":{"line":9,"column":43}},"5":{"start":{"line":11,"column":12},"end":{"line":11,"column":22}},"6":{"start":{"line":16,"column":18},"end":{"line":16,"column":47}},"7":{"start":{"line":17,"column":8},"end":{"line":45,"column":9}},"8":{"start":{"line":18,"column":27},"end":{"line":18,"column":28}},"9":{"start":{"line":19,"column":55},"end":{"line":19,"column":63}},"10":{"start":{"line":21,"column":25},"end":{"line":21,"column":72}},"11":{"start":{"line":23,"column":12},"end":{"line":25,"column":13}},"12":{"start":{"line":24,"column":16},"end":{"line":24,"column":36}},"13":{"start":{"line":27,"column":27},"end":{"line":27,"column":78}},"14":{"start":{"line":29,"column":12},"end":{"line":31,"column":13}},"15":{"start":{"line":30,"column":16},"end":{"line":30,"column":36}},"16":{"start":{"line":33,"column":12},"end":{"line":40,"column":13}},"17":{"start":{"line":34,"column":32},"end":{"line":34,"column":74}},"18":{"start":{"line":35,"column":35},"end":{"line":35,"column":92}},"19":{"start":{"line":36,"column":16},"end":{"line":36,"column":33}},"20":{"start":{"line":37,"column":16},"end":{"line":37,"column":49}},"21":{"start":{"line":39,"column":16},"end":{"line":39,"column":36}},"22":{"start":{"line":42,"column":12},"end":{"line":42,"column":31}},"23":{"start":{"line":44,"column":12},"end":{"line":44,"column":22}},"24":{"start":{"line":49,"column":8},"end":{"line":58,"column":9}},"25":{"start":{"line":50,"column":31},"end":{"line":53,"column":14}},"26":{"start":{"line":55,"column":12},"end":{"line":55,"column":45}},"27":{"start":{"line":57,"column":12},"end":{"line":57,"column":22}},"28":{"start":{"line":62,"column":8},"end":{"line":105,"column":9}},"29":{"start":{"line":63,"column":27},"end":{"line":63,"column":41}},"30":{"start":{"line":65,"column":25},"end":{"line":69,"column":14}},"31":{"start":{"line":70,"column":12},"end":{"line":72,"column":13}},"32":{"start":{"line":71,"column":16},"end":{"line":71,"column":36}},"33":{"start":{"line":74,"column":29},"end":{"line":74,"column":42}},"34":{"start":{"line":76,"column":27},"end":{"line":80,"column":14}},"35":{"start":{"line":84,"column":12},"end":{"line":88,"column":13}},"36":{"start":{"line":85,"column":16},"end":{"line":85,"column":43}},"37":{"start":{"line":87,"column":16},"end":{"line":87,"column":43}},"38":{"start":{"line":90,"column":35},"end":{"line":99,"column":14}},"39":{"start":{"line":101,"column":12},"end":{"line":101,"column":49}},"40":{"start":{"line":103,"column":12},"end":{"line":103,"column":29}},"41":{"start":{"line":104,"column":12},"end":{"line":104,"column":22}},"42":{"start":{"line":109,"column":0},"end":{"line":109,"column":32}}},"fnMap":{"0":{"name":"(anonymous_0)","decl":{"start":{"line":6,"column":4},"end":{"line":6,"column":5}},"loc":{"start":{"line":6,"column":44},"end":{"line":13,"column":5}},"line":6},"1":{"name":"(anonymous_1)","decl":{"start":{"line":15,"column":4},"end":{"line":15,"column":5}},"loc":{"start":{"line":15,"column":46},"end":{"line":46,"column":5}},"line":15},"2":{"name":"(anonymous_2)","decl":{"start":{"line":48,"column":4},"end":{"line":48,"column":5}},"loc":{"start":{"line":48,"column":43},"end":{"line":59,"column":5}},"line":48},"3":{"name":"(anonymous_3)","decl":{"start":{"line":61,"column":4},"end":{"line":61,"column":5}},"loc":{"start":{"line":61,"column":49},"end":{"line":106,"column":5}},"line":61}},"branchMap":{"0":{"loc":{"start":{"line":23,"column":12},"end":{"line":25,"column":13}},"type":"if","locations":[{"start":{"line":23,"column":12},"end":{"line":25,"column":13}},{"start":{},"end":{}}],"line":23},"1":{"loc":{"start":{"line":29,"column":12},"end":{"line":31,"column":13}},"type":"if","locations":[{"start":{"line":29,"column":12},"end":{"line":31,"column":13}},{"start":{},"end":{}}],"line":29},"2":{"loc":{"start":{"line":33,"column":12},"end":{"line":40,"column":13}},"type":"if","locations":[{"start":{"line":33,"column":12},"end":{"line":40,"column":13}},{"start":{"line":38,"column":19},"end":{"line":40,"column":13}}],"line":33},"3":{"loc":{"start":{"line":33,"column":16},"end":{"line":33,"column":72}},"type":"binary-expr","locations":[{"start":{"line":33,"column":16},"end":{"line":33,"column":42}},{"start":{"line":33,"column":46},"end":{"line":33,"column":72}}],"line":33},"4":{"loc":{"start":{"line":70,"column":12},"end":{"line":72,"column":13}},"type":"if","locations":[{"start":{"line":70,"column":12},"end":{"line":72,"column":13}},{"start":{},"end":{}}],"line":70},"5":{"loc":{"start":{"line":84,"column":12},"end":{"line":88,"column":13}},"type":"if","locations":[{"start":{"line":84,"column":12},"end":{"line":88,"column":13}},{"start":{"line":86,"column":19},"end":{"line":88,"column":13}}],"line":84}},"s":{"0":5,"1":5,"2":2,"3":2,"4":1,"5":1,"6":9,"7":9,"8":9,"9":9,"10":9,"11":9,"12":2,"13":7,"14":7,"15":1,"16":6,"17":5,"18":5,"19":1,"20":1,"21":1,"22":8,"23":8,"24":2,"25":2,"26":1,"27":1,"28":2,"29":2,"30":2,"31":2,"32":1,"33":1,"34":1,"35":1,"36":1,"37":0,"38":1,"39":1,"40":1,"41":1,"42":5},"f":{"0":2,"1":9,"2":2,"3":2},"b":{"0":[2,7],"1":[1,6],"2":[5,1],"3":[6,1],"4":[1,1],"5":[1,0]},"_coverageSchema":"1a1c01bbd47fc00a2c39e90264f33305004495a9","hash":"363943c99258c7686ba3c93089daac518580d010"}
,"D:\\Hacktiv8\\loveynest-server\\controllers\\couplecontroller.js": {"path":"D:\\Hacktiv8\\loveynest-server\\controllers\\couplecontroller.js","statementMap":{"0":{"start":{"line":2,"column":25},"end":{"line":2,"column":45}},"1":{"start":{"line":3,"column":13},"end":{"line":3,"column":33}},"2":{"start":{"line":6,"column":8},"end":{"line":12,"column":9}},"3":{"start":{"line":7,"column":28},"end":{"line":7,"column":50}},"4":{"start":{"line":9,"column":12},"end":{"line":9,"column":42}},"5":{"start":{"line":11,"column":12},"end":{"line":11,"column":22}},"6":{"start":{"line":15,"column":8},"end":{"line":37,"column":9}},"7":{"start":{"line":16,"column":27},"end":{"line":16,"column":37}},"8":{"start":{"line":18,"column":27},"end":{"line":28,"column":14}},"9":{"start":{"line":30,"column":12},"end":{"line":32,"column":13}},"10":{"start":{"line":31,"column":16},"end":{"line":31,"column":36}},"11":{"start":{"line":33,"column":12},"end":{"line":33,"column":31}},"12":{"start":{"line":34,"column":12},"end":{"line":34,"column":41}},"13":{"start":{"line":36,"column":12},"end":{"line":36,"column":22}},"14":{"start":{"line":40,"column":8},"end":{"line":67,"column":9}},"15":{"start":{"line":41,"column":35},"end":{"line":41,"column":45}},"16":{"start":{"line":42,"column":12},"end":{"line":42,"column":35}},"17":{"start":{"line":43,"column":27},"end":{"line":58,"column":14}},"18":{"start":{"line":60,"column":12},"end":{"line":62,"column":13}},"19":{"start":{"line":61,"column":16},"end":{"line":61,"column":36}},"20":{"start":{"line":63,"column":12},"end":{"line":63,"column":50}},"21":{"start":{"line":64,"column":12},"end":{"line":64,"column":41}},"22":{"start":{"line":66,"column":12},"end":{"line":66,"column":22}},"23":{"start":{"line":71,"column":0},"end":{"line":71,"column":34}}},"fnMap":{"0":{"name":"(anonymous_0)","decl":{"start":{"line":5,"column":4},"end":{"line":5,"column":5}},"loc":{"start":{"line":5,"column":47},"end":{"line":13,"column":5}},"line":5},"1":{"name":"(anonymous_1)","decl":{"start":{"line":14,"column":4},"end":{"line":14,"column":5}},"loc":{"start":{"line":14,"column":47},"end":{"line":38,"column":5}},"line":14},"2":{"name":"(anonymous_2)","decl":{"start":{"line":39,"column":4},"end":{"line":39,"column":5}},"loc":{"start":{"line":39,"column":47},"end":{"line":68,"column":5}},"line":39}},"branchMap":{"0":{"loc":{"start":{"line":30,"column":12},"end":{"line":32,"column":13}},"type":"if","locations":[{"start":{"line":30,"column":12},"end":{"line":32,"column":13}},{"start":{},"end":{}}],"line":30},"1":{"loc":{"start":{"line":60,"column":12},"end":{"line":62,"column":13}},"type":"if","locations":[{"start":{"line":60,"column":12},"end":{"line":62,"column":13}},{"start":{},"end":{}}],"line":60}},"s":{"0":5,"1":5,"2":2,"3":2,"4":1,"5":1,"6":2,"7":2,"8":2,"9":2,"10":1,"11":1,"12":1,"13":1,"14":0,"15":0,"16":0,"17":0,"18":0,"19":0,"20":0,"21":0,"22":0,"23":5},"f":{"0":2,"1":2,"2":0},"b":{"0":[1,1],"1":[0,0]},"_coverageSchema":"1a1c01bbd47fc00a2c39e90264f33305004495a9","hash":"9cb56aa416986fd63b89ddb636aaa063c8058246"}
,"D:\\Hacktiv8\\loveynest-server\\controllers\\quizcontroller.js": {"path":"D:\\Hacktiv8\\loveynest-server\\controllers\\quizcontroller.js","statementMap":{"0":{"start":{"line":3,"column":18},"end":{"line":3,"column":36}},"1":{"start":{"line":4,"column":66},"end":{"line":4,"column":86}},"2":{"start":{"line":9,"column":8},"end":{"line":19,"column":9}},"3":{"start":{"line":10,"column":27},"end":{"line":15,"column":14}},"4":{"start":{"line":16,"column":12},"end":{"line":16,"column":41}},"5":{"start":{"line":18,"column":12},"end":{"line":18,"column":24}},"6":{"start":{"line":24,"column":8},"end":{"line":54,"column":9}},"7":{"start":{"line":25,"column":35},"end":{"line":25,"column":45}},"8":{"start":{"line":27,"column":25},"end":{"line":45,"column":14}},"9":{"start":{"line":47,"column":12},"end":{"line":51,"column":13}},"10":{"start":{"line":48,"column":16},"end":{"line":48,"column":49}},"11":{"start":{"line":50,"column":16},"end":{"line":50,"column":43}},"12":{"start":{"line":53,"column":12},"end":{"line":53,"column":24}},"13":{"start":{"line":59,"column":18},"end":{"line":59,"column":47}},"14":{"start":{"line":61,"column":8},"end":{"line":135,"column":9}},"15":{"start":{"line":62,"column":27},"end":{"line":62,"column":38}},"16":{"start":{"line":63,"column":12},"end":{"line":63,"column":33}},"17":{"start":{"line":64,"column":27},"end":{"line":64,"column":44}},"18":{"start":{"line":66,"column":12},"end":{"line":68,"column":13}},"19":{"start":{"line":67,"column":16},"end":{"line":67,"column":36}},"20":{"start":{"line":70,"column":84},"end":{"line":70,"column":92}},"21":{"start":{"line":71,"column":46},"end":{"line":71,"column":50}},"22":{"start":{"line":72,"column":12},"end":{"line":74,"column":13}},"23":{"start":{"line":73,"column":16},"end":{"line":73,"column":36}},"24":{"start":{"line":76,"column":23},"end":{"line":83,"column":13}},"25":{"start":{"line":84,"column":12},"end":{"line":86,"column":13}},"26":{"start":{"line":85,"column":16},"end":{"line":85,"column":36}},"27":{"start":{"line":88,"column":12},"end":{"line":90,"column":13}},"28":{"start":{"line":89,"column":16},"end":{"line":89,"column":36}},"29":{"start":{"line":92,"column":30},"end":{"line":99,"column":13}},"30":{"start":{"line":100,"column":39},"end":{"line":103,"column":14}},"31":{"start":{"line":105,"column":12},"end":{"line":131,"column":13}},"32":{"start":{"line":106,"column":16},"end":{"line":106,"column":54}},"33":{"start":{"line":109,"column":36},"end":{"line":109,"column":93}},"34":{"start":{"line":110,"column":31},"end":{"line":110,"column":33}},"35":{"start":{"line":115,"column":16},"end":{"line":122,"column":17}},"36":{"start":{"line":116,"column":20},"end":{"line":121,"column":21}},"37":{"start":{"line":117,"column":24},"end":{"line":117,"column":40}},"38":{"start":{"line":119,"column":24},"end":{"line":119,"column":62}},"39":{"start":{"line":120,"column":24},"end":{"line":120,"column":56}},"40":{"start":{"line":123,"column":38},"end":{"line":123,"column":97}},"41":{"start":{"line":125,"column":16},"end":{"line":125,"column":33}},"42":{"start":{"line":127,"column":16},"end":{"line":130,"column":19}},"43":{"start":{"line":133,"column":12},"end":{"line":133,"column":25}},"44":{"start":{"line":134,"column":12},"end":{"line":134,"column":24}},"45":{"start":{"line":140,"column":18},"end":{"line":140,"column":47}},"46":{"start":{"line":142,"column":8},"end":{"line":278,"column":9}},"47":{"start":{"line":143,"column":68},"end":{"line":143,"column":76}},"48":{"start":{"line":144,"column":31},"end":{"line":144,"column":41}},"49":{"start":{"line":146,"column":25},"end":{"line":156,"column":13}},"50":{"start":{"line":157,"column":12},"end":{"line":274,"column":13}},"51":{"start":{"line":158,"column":16},"end":{"line":158,"column":49}},"52":{"start":{"line":159,"column":19},"end":{"line":274,"column":13}},"53":{"start":{"line":160,"column":16},"end":{"line":160,"column":44}},"54":{"start":{"line":162,"column":40},"end":{"line":162,"column":44}},"55":{"start":{"line":163,"column":16},"end":{"line":178,"column":17}},"56":{"start":{"line":164,"column":32},"end":{"line":166,"column":21}},"57":{"start":{"line":167,"column":20},"end":{"line":167,"column":117}},"58":{"start":{"line":169,"column":20},"end":{"line":177,"column":22}},"59":{"start":{"line":179,"column":16},"end":{"line":193,"column":17}},"60":{"start":{"line":180,"column":32},"end":{"line":182,"column":21}},"61":{"start":{"line":184,"column":20},"end":{"line":192,"column":22}},"62":{"start":{"line":194,"column":16},"end":{"line":208,"column":17}},"63":{"start":{"line":195,"column":32},"end":{"line":197,"column":21}},"64":{"start":{"line":198,"column":20},"end":{"line":198,"column":117}},"65":{"start":{"line":199,"column":20},"end":{"line":207,"column":22}},"66":{"start":{"line":209,"column":16},"end":{"line":223,"column":17}},"67":{"start":{"line":210,"column":32},"end":{"line":212,"column":21}},"68":{"start":{"line":213,"column":20},"end":{"line":213,"column":117}},"69":{"start":{"line":214,"column":20},"end":{"line":222,"column":22}},"70":{"start":{"line":224,"column":16},"end":{"line":238,"column":17}},"71":{"start":{"line":225,"column":32},"end":{"line":227,"column":21}},"72":{"start":{"line":228,"column":20},"end":{"line":228,"column":117}},"73":{"start":{"line":229,"column":20},"end":{"line":237,"column":22}},"74":{"start":{"line":239,"column":40},"end":{"line":249,"column":17}},"75":{"start":{"line":250,"column":28},"end":{"line":250,"column":29}},"76":{"start":{"line":252,"column":16},"end":{"line":256,"column":19}},"77":{"start":{"line":253,"column":20},"end":{"line":255,"column":21}},"78":{"start":{"line":254,"column":24},"end":{"line":254,"column":37}},"79":{"start":{"line":257,"column":41},"end":{"line":268,"column":17}},"80":{"start":{"line":270,"column":16},"end":{"line":270,"column":33}},"81":{"start":{"line":271,"column":16},"end":{"line":273,"column":19}},"82":{"start":{"line":276,"column":12},"end":{"line":276,"column":25}},"83":{"start":{"line":277,"column":12},"end":{"line":277,"column":24}},"84":{"start":{"line":282,"column":8},"end":{"line":296,"column":9}},"85":{"start":{"line":283,"column":35},"end":{"line":283,"column":45}},"86":{"start":{"line":284,"column":25},"end":{"line":284,"column":60}},"87":{"start":{"line":286,"column":12},"end":{"line":293,"column":13}},"88":{"start":{"line":287,"column":16},"end":{"line":287,"column":49}},"89":{"start":{"line":289,"column":16},"end":{"line":292,"column":19}},"90":{"start":{"line":295,"column":12},"end":{"line":295,"column":24}},"91":{"start":{"line":300,"column":0},"end":{"line":300,"column":32}}},"fnMap":{"0":{"name":"(anonymous_0)","decl":{"start":{"line":8,"column":4},"end":{"line":8,"column":5}},"loc":{"start":{"line":8,"column":41},"end":{"line":20,"column":5}},"line":8},"1":{"name":"(anonymous_1)","decl":{"start":{"line":23,"column":4},"end":{"line":23,"column":5}},"loc":{"start":{"line":23,"column":45},"end":{"line":55,"column":5}},"line":23},"2":{"name":"(anonymous_2)","decl":{"start":{"line":58,"column":4},"end":{"line":58,"column":5}},"loc":{"start":{"line":58,"column":44},"end":{"line":136,"column":5}},"line":58},"3":{"name":"(anonymous_3)","decl":{"start":{"line":139,"column":4},"end":{"line":139,"column":5}},"loc":{"start":{"line":139,"column":52},"end":{"line":279,"column":5}},"line":139},"4":{"name":"(anonymous_4)","decl":{"start":{"line":252,"column":54},"end":{"line":252,"column":55}},"loc":{"start":{"line":252,"column":62},"end":{"line":256,"column":17}},"line":252},"5":{"name":"(anonymous_5)","decl":{"start":{"line":281,"column":4},"end":{"line":281,"column":5}},"loc":{"start":{"line":281,"column":44},"end":{"line":297,"column":5}},"line":281}},"branchMap":{"0":{"loc":{"start":{"line":47,"column":12},"end":{"line":51,"column":13}},"type":"if","locations":[{"start":{"line":47,"column":12},"end":{"line":51,"column":13}},{"start":{"line":49,"column":19},"end":{"line":51,"column":13}}],"line":47},"1":{"loc":{"start":{"line":66,"column":12},"end":{"line":68,"column":13}},"type":"if","locations":[{"start":{"line":66,"column":12},"end":{"line":68,"column":13}},{"start":{},"end":{}}],"line":66},"2":{"loc":{"start":{"line":66,"column":16},"end":{"line":66,"column":38}},"type":"binary-expr","locations":[{"start":{"line":66,"column":16},"end":{"line":66,"column":25}},{"start":{"line":66,"column":29},"end":{"line":66,"column":38}}],"line":66},"3":{"loc":{"start":{"line":72,"column":12},"end":{"line":74,"column":13}},"type":"if","locations":[{"start":{"line":72,"column":12},"end":{"line":74,"column":13}},{"start":{},"end":{}}],"line":72},"4":{"loc":{"start":{"line":72,"column":16},"end":{"line":72,"column":82}},"type":"binary-expr","locations":[{"start":{"line":72,"column":16},"end":{"line":72,"column":26}},{"start":{"line":72,"column":30},"end":{"line":72,"column":40}},{"start":{"line":72,"column":44},"end":{"line":72,"column":54}},{"start":{"line":72,"column":58},"end":{"line":72,"column":68}},{"start":{"line":72,"column":72},"end":{"line":72,"column":82}}],"line":72},"5":{"loc":{"start":{"line":84,"column":12},"end":{"line":86,"column":13}},"type":"if","locations":[{"start":{"line":84,"column":12},"end":{"line":86,"column":13}},{"start":{},"end":{}}],"line":84},"6":{"loc":{"start":{"line":88,"column":12},"end":{"line":90,"column":13}},"type":"if","locations":[{"start":{"line":88,"column":12},"end":{"line":90,"column":13}},{"start":{},"end":{}}],"line":88},"7":{"loc":{"start":{"line":105,"column":12},"end":{"line":131,"column":13}},"type":"if","locations":[{"start":{"line":105,"column":12},"end":{"line":131,"column":13}},{"start":{"line":107,"column":19},"end":{"line":131,"column":13}}],"line":105},"8":{"loc":{"start":{"line":116,"column":20},"end":{"line":121,"column":21}},"type":"if","locations":[{"start":{"line":116,"column":20},"end":{"line":121,"column":21}},{"start":{"line":118,"column":27},"end":{"line":121,"column":21}}],"line":116},"9":{"loc":{"start":{"line":157,"column":12},"end":{"line":274,"column":13}},"type":"if","locations":[{"start":{"line":157,"column":12},"end":{"line":274,"column":13}},{"start":{"line":159,"column":19},"end":{"line":274,"column":13}}],"line":157},"10":{"loc":{"start":{"line":159,"column":19},"end":{"line":274,"column":13}},"type":"if","locations":[{"start":{"line":159,"column":19},"end":{"line":274,"column":13}},{"start":{"line":161,"column":19},"end":{"line":274,"column":13}}],"line":159},"11":{"loc":{"start":{"line":163,"column":16},"end":{"line":178,"column":17}},"type":"if","locations":[{"start":{"line":163,"column":16},"end":{"line":178,"column":17}},{"start":{},"end":{}}],"line":163},"12":{"loc":{"start":{"line":167,"column":20},"end":{"line":167,"column":116}},"type":"cond-expr","locations":[{"start":{"line":167,"column":59},"end":{"line":167,"column":84}},{"start":{"line":167,"column":89},"end":{"line":167,"column":115}}],"line":167},"13":{"loc":{"start":{"line":179,"column":16},"end":{"line":193,"column":17}},"type":"if","locations":[{"start":{"line":179,"column":16},"end":{"line":193,"column":17}},{"start":{},"end":{}}],"line":179},"14":{"loc":{"start":{"line":194,"column":16},"end":{"line":208,"column":17}},"type":"if","locations":[{"start":{"line":194,"column":16},"end":{"line":208,"column":17}},{"start":{},"end":{}}],"line":194},"15":{"loc":{"start":{"line":198,"column":20},"end":{"line":198,"column":116}},"type":"cond-expr","locations":[{"start":{"line":198,"column":59},"end":{"line":198,"column":84}},{"start":{"line":198,"column":89},"end":{"line":198,"column":115}}],"line":198},"16":{"loc":{"start":{"line":209,"column":16},"end":{"line":223,"column":17}},"type":"if","locations":[{"start":{"line":209,"column":16},"end":{"line":223,"column":17}},{"start":{},"end":{}}],"line":209},"17":{"loc":{"start":{"line":213,"column":20},"end":{"line":213,"column":116}},"type":"cond-expr","locations":[{"start":{"line":213,"column":59},"end":{"line":213,"column":84}},{"start":{"line":213,"column":89},"end":{"line":213,"column":115}}],"line":213},"18":{"loc":{"start":{"line":224,"column":16},"end":{"line":238,"column":17}},"type":"if","locations":[{"start":{"line":224,"column":16},"end":{"line":238,"column":17}},{"start":{},"end":{}}],"line":224},"19":{"loc":{"start":{"line":228,"column":20},"end":{"line":228,"column":116}},"type":"cond-expr","locations":[{"start":{"line":228,"column":59},"end":{"line":228,"column":84}},{"start":{"line":228,"column":89},"end":{"line":228,"column":115}}],"line":228},"20":{"loc":{"start":{"line":253,"column":20},"end":{"line":255,"column":21}},"type":"if","locations":[{"start":{"line":253,"column":20},"end":{"line":255,"column":21}},{"start":{},"end":{}}],"line":253},"21":{"loc":{"start":{"line":286,"column":12},"end":{"line":293,"column":13}},"type":"if","locations":[{"start":{"line":286,"column":12},"end":{"line":293,"column":13}},{"start":{"line":288,"column":19},"end":{"line":293,"column":13}}],"line":286}},"s":{"0":5,"1":5,"2":2,"3":2,"4":1,"5":1,"6":2,"7":2,"8":2,"9":2,"10":1,"11":1,"12":1,"13":6,"14":6,"15":6,"16":6,"17":6,"18":6,"19":0,"20":6,"21":6,"22":6,"23":1,"24":5,"25":4,"26":1,"27":3,"28":1,"29":2,"30":2,"31":2,"32":1,"33":1,"34":1,"35":1,"36":5,"37":0,"38":5,"39":5,"40":1,"41":1,"42":1,"43":5,"44":5,"45":3,"46":3,"47":3,"48":3,"49":3,"50":3,"51":1,"52":2,"53":1,"54":1,"55":1,"56":1,"57":1,"58":1,"59":1,"60":1,"61":1,"62":1,"63":1,"64":1,"65":1,"66":1,"67":1,"68":1,"69":1,"70":1,"71":1,"72":1,"73":1,"74":1,"75":1,"76":1,"77":5,"78":3,"79":1,"80":1,"81":1,"82":2,"83":2,"84":2,"85":2,"86":2,"87":2,"88":1,"89":1,"90":1,"91":5},"f":{"0":2,"1":2,"2":6,"3":3,"4":5,"5":2},"b":{"0":[1,1],"1":[0,6],"2":[6,6],"3":[1,5],"4":[6,1,1,1,1],"5":[1,3],"6":[1,2],"7":[1,1],"8":[0,5],"9":[1,2],"10":[1,1],"11":[1,0],"12":[1,0],"13":[1,0],"14":[1,0],"15":[0,1],"16":[1,0],"17":[0,1],"18":[1,0],"19":[1,0],"20":[3,2],"21":[1,1]},"_coverageSchema":"1a1c01bbd47fc00a2c39e90264f33305004495a9","hash":"1522369fbedf1aacdd3ef18131b8099f68519cb9"}
,"D:\\Hacktiv8\\loveynest-server\\controllers\\topicscontroller.js": {"path":"D:\\Hacktiv8\\loveynest-server\\controllers\\topicscontroller.js","statementMap":{"0":{"start":{"line":1,"column":57},"end":{"line":1,"column":77}},"1":{"start":{"line":5,"column":18},"end":{"line":5,"column":47}},"2":{"start":{"line":6,"column":8},"end":{"line":39,"column":9}},"3":{"start":{"line":7,"column":33},"end":{"line":12,"column":13}},"4":{"start":{"line":13,"column":35},"end":{"line":13,"column":89}},"5":{"start":{"line":13,"column":69},"end":{"line":13,"column":88}},"6":{"start":{"line":15,"column":27},"end":{"line":15,"column":66}},"7":{"start":{"line":16,"column":29},"end":{"line":16,"column":60}},"8":{"start":{"line":16,"column":51},"end":{"line":16,"column":59}},"9":{"start":{"line":17,"column":33},"end":{"line":17,"column":92}},"10":{"start":{"line":17,"column":60},"end":{"line":17,"column":91}},"11":{"start":{"line":18,"column":30},"end":{"line":18,"column":32}},"12":{"start":{"line":19,"column":12},"end":{"line":23,"column":13}},"13":{"start":{"line":19,"column":25},"end":{"line":19,"column":26}},"14":{"start":{"line":20,"column":29},"end":{"line":20,"column":78}},"15":{"start":{"line":21,"column":16},"end":{"line":21,"column":57}},"16":{"start":{"line":22,"column":16},"end":{"line":22,"column":49}},"17":{"start":{"line":25,"column":38},"end":{"line":31,"column":13}},"18":{"start":{"line":33,"column":12},"end":{"line":33,"column":29}},"19":{"start":{"line":34,"column":12},"end":{"line":34,"column":52}},"20":{"start":{"line":36,"column":12},"end":{"line":36,"column":29}},"21":{"start":{"line":37,"column":12},"end":{"line":37,"column":31}},"22":{"start":{"line":38,"column":12},"end":{"line":38,"column":22}},"23":{"start":{"line":43,"column":8},"end":{"line":59,"column":9}},"24":{"start":{"line":44,"column":40},"end":{"line":44,"column":48}},"25":{"start":{"line":46,"column":12},"end":{"line":48,"column":13}},"26":{"start":{"line":47,"column":16},"end":{"line":47,"column":36}},"27":{"start":{"line":49,"column":33},"end":{"line":49,"column":41}},"28":{"start":{"line":50,"column":35},"end":{"line":54,"column":14}},"29":{"start":{"line":56,"column":12},"end":{"line":56,"column":49}},"30":{"start":{"line":58,"column":12},"end":{"line":58,"column":22}},"31":{"start":{"line":62,"column":0},"end":{"line":62,"column":33}}},"fnMap":{"0":{"name":"(anonymous_0)","decl":{"start":{"line":4,"column":4},"end":{"line":4,"column":5}},"loc":{"start":{"line":4,"column":46},"end":{"line":40,"column":5}},"line":4},"1":{"name":"(anonymous_1)","decl":{"start":{"line":13,"column":52},"end":{"line":13,"column":53}},"loc":{"start":{"line":13,"column":69},"end":{"line":13,"column":88}},"line":13},"2":{"name":"(anonymous_2)","decl":{"start":{"line":16,"column":40},"end":{"line":16,"column":41}},"loc":{"start":{"line":16,"column":51},"end":{"line":16,"column":59}},"line":16},"3":{"name":"(anonymous_3)","decl":{"start":{"line":17,"column":49},"end":{"line":17,"column":50}},"loc":{"start":{"line":17,"column":60},"end":{"line":17,"column":91}},"line":17},"4":{"name":"(anonymous_4)","decl":{"start":{"line":42,"column":4},"end":{"line":42,"column":5}},"loc":{"start":{"line":42,"column":49},"end":{"line":60,"column":5}},"line":42}},"branchMap":{"0":{"loc":{"start":{"line":46,"column":12},"end":{"line":48,"column":13}},"type":"if","locations":[{"start":{"line":46,"column":12},"end":{"line":48,"column":13}},{"start":{},"end":{}}],"line":46}},"s":{"0":5,"1":2,"2":2,"3":2,"4":2,"5":0,"6":2,"7":1,"8":12,"9":1,"10":12,"11":1,"12":1,"13":1,"14":3,"15":3,"16":3,"17":1,"18":1,"19":1,"20":1,"21":1,"22":1,"23":0,"24":0,"25":0,"26":0,"27":0,"28":0,"29":0,"30":0,"31":5},"f":{"0":2,"1":0,"2":12,"3":12,"4":0},"b":{"0":[0,0]},"_coverageSchema":"1a1c01bbd47fc00a2c39e90264f33305004495a9","hash":"22c9b69aac4939ce9822f92fb471e4b56dc4280a"}
,"D:\\Hacktiv8\\loveynest-server\\controllers\\usercontroller.js": {"path":"D:\\Hacktiv8\\loveynest-server\\controllers\\usercontroller.js","statementMap":{"0":{"start":{"line":1,"column":36},"end":{"line":1,"column":56}},"1":{"start":{"line":2,"column":28},"end":{"line":2,"column":56}},"2":{"start":{"line":3,"column":34},"end":{"line":3,"column":59}},"3":{"start":{"line":4,"column":23},"end":{"line":4,"column":59}},"4":{"start":{"line":5,"column":15},"end":{"line":5,"column":35}},"5":{"start":{"line":8,"column":8},"end":{"line":31,"column":9}},"6":{"start":{"line":9,"column":87},"end":{"line":9,"column":95}},"7":{"start":{"line":11,"column":28},"end":{"line":18,"column":14}},"8":{"start":{"line":20,"column":12},"end":{"line":28,"column":15}},"9":{"start":{"line":30,"column":12},"end":{"line":30,"column":22}},"10":{"start":{"line":35,"column":8},"end":{"line":73,"column":9}},"11":{"start":{"line":36,"column":40},"end":{"line":36,"column":48}},"12":{"start":{"line":38,"column":12},"end":{"line":40,"column":13}},"13":{"start":{"line":39,"column":16},"end":{"line":39,"column":36}},"14":{"start":{"line":41,"column":25},"end":{"line":45,"column":14}},"15":{"start":{"line":46,"column":12},"end":{"line":48,"column":13}},"16":{"start":{"line":47,"column":16},"end":{"line":47,"column":36}},"17":{"start":{"line":49,"column":37},"end":{"line":49,"column":77}},"18":{"start":{"line":51,"column":12},"end":{"line":53,"column":13}},"19":{"start":{"line":52,"column":16},"end":{"line":52,"column":36}},"20":{"start":{"line":55,"column":28},"end":{"line":57,"column":13}},"21":{"start":{"line":59,"column":33},"end":{"line":59,"column":63}},"22":{"start":{"line":60,"column":12},"end":{"line":70,"column":15}},"23":{"start":{"line":72,"column":12},"end":{"line":72,"column":22}},"24":{"start":{"line":77,"column":8},"end":{"line":87,"column":9}},"25":{"start":{"line":78,"column":26},"end":{"line":82,"column":14}},"26":{"start":{"line":84,"column":12},"end":{"line":84,"column":40}},"27":{"start":{"line":86,"column":12},"end":{"line":86,"column":22}},"28":{"start":{"line":91,"column":8},"end":{"line":107,"column":9}},"29":{"start":{"line":92,"column":27},"end":{"line":92,"column":37}},"30":{"start":{"line":94,"column":25},"end":{"line":98,"column":14}},"31":{"start":{"line":99,"column":12},"end":{"line":101,"column":13}},"32":{"start":{"line":100,"column":16},"end":{"line":100,"column":36}},"33":{"start":{"line":102,"column":12},"end":{"line":104,"column":15}},"34":{"start":{"line":106,"column":12},"end":{"line":106,"column":22}},"35":{"start":{"line":112,"column":18},"end":{"line":112,"column":47}},"36":{"start":{"line":113,"column":8},"end":{"line":151,"column":9}},"37":{"start":{"line":114,"column":27},"end":{"line":114,"column":37}},"38":{"start":{"line":115,"column":47},"end":{"line":115,"column":55}},"39":{"start":{"line":116,"column":12},"end":{"line":118,"column":13}},"40":{"start":{"line":117,"column":16},"end":{"line":117,"column":36}},"41":{"start":{"line":119,"column":25},"end":{"line":119,"column":69}},"42":{"start":{"line":121,"column":12},"end":{"line":147,"column":13}},"43":{"start":{"line":122,"column":32},"end":{"line":134,"column":17}},"44":{"start":{"line":135,"column":16},"end":{"line":135,"column":33}},"45":{"start":{"line":136,"column":16},"end":{"line":144,"column":19}},"46":{"start":{"line":146,"column":16},"end":{"line":146,"column":36}},"47":{"start":{"line":149,"column":12},"end":{"line":149,"column":31}},"48":{"start":{"line":150,"column":12},"end":{"line":150,"column":22}},"49":{"start":{"line":155,"column":18},"end":{"line":155,"column":47}},"50":{"start":{"line":156,"column":8},"end":{"line":246,"column":9}},"51":{"start":{"line":157,"column":27},"end":{"line":157,"column":37}},"52":{"start":{"line":158,"column":36},"end":{"line":158,"column":44}},"53":{"start":{"line":159,"column":12},"end":{"line":161,"column":13}},"54":{"start":{"line":160,"column":16},"end":{"line":160,"column":36}},"55":{"start":{"line":162,"column":26},"end":{"line":162,"column":69}},"56":{"start":{"line":164,"column":12},"end":{"line":166,"column":13}},"57":{"start":{"line":165,"column":16},"end":{"line":165,"column":36}},"58":{"start":{"line":167,"column":12},"end":{"line":242,"column":13}},"59":{"start":{"line":168,"column":37},"end":{"line":179,"column":17}},"60":{"start":{"line":181,"column":30},"end":{"line":188,"column":17}},"61":{"start":{"line":189,"column":16},"end":{"line":191,"column":17}},"62":{"start":{"line":190,"column":20},"end":{"line":190,"column":40}},"63":{"start":{"line":193,"column":34},"end":{"line":199,"column":17}},"64":{"start":{"line":202,"column":44},"end":{"line":212,"column":17}},"65":{"start":{"line":214,"column":37},"end":{"line":225,"column":17}},"66":{"start":{"line":226,"column":16},"end":{"line":226,"column":33}},"67":{"start":{"line":228,"column":16},"end":{"line":231,"column":19}},"68":{"start":{"line":233,"column":30},"end":{"line":237,"column":18}},"69":{"start":{"line":238,"column":16},"end":{"line":241,"column":19}},"70":{"start":{"line":244,"column":12},"end":{"line":244,"column":31}},"71":{"start":{"line":245,"column":12},"end":{"line":245,"column":22}},"72":{"start":{"line":250,"column":18},"end":{"line":250,"column":47}},"73":{"start":{"line":251,"column":8},"end":{"line":323,"column":9}},"74":{"start":{"line":252,"column":27},"end":{"line":252,"column":37}},"75":{"start":{"line":254,"column":26},"end":{"line":254,"column":70}},"76":{"start":{"line":256,"column":27},"end":{"line":263,"column":13}},"77":{"start":{"line":265,"column":12},"end":{"line":267,"column":13}},"78":{"start":{"line":266,"column":16},"end":{"line":266,"column":36}},"79":{"start":{"line":269,"column":26},"end":{"line":279,"column":13}},"80":{"start":{"line":281,"column":33},"end":{"line":292,"column":13}},"81":{"start":{"line":294,"column":40},"end":{"line":304,"column":13}},"82":{"start":{"line":306,"column":33},"end":{"line":313,"column":13}},"83":{"start":{"line":315,"column":12},"end":{"line":315,"column":29}},"84":{"start":{"line":317,"column":12},"end":{"line":319,"column":15}},"85":{"start":{"line":321,"column":12},"end":{"line":321,"column":31}},"86":{"start":{"line":322,"column":12},"end":{"line":322,"column":22}},"87":{"start":{"line":328,"column":8},"end":{"line":336,"column":9}},"88":{"start":{"line":329,"column":28},"end":{"line":329,"column":42}},"89":{"start":{"line":330,"column":37},"end":{"line":332,"column":14}},"90":{"start":{"line":333,"column":12},"end":{"line":333,"column":51}},"91":{"start":{"line":335,"column":12},"end":{"line":335,"column":24}},"92":{"start":{"line":340,"column":0},"end":{"line":340,"column":32}}},"fnMap":{"0":{"name":"(anonymous_0)","decl":{"start":{"line":7,"column":4},"end":{"line":7,"column":5}},"loc":{"start":{"line":7,"column":41},"end":{"line":32,"column":5}},"line":7},"1":{"name":"(anonymous_1)","decl":{"start":{"line":34,"column":4},"end":{"line":34,"column":5}},"loc":{"start":{"line":34,"column":43},"end":{"line":74,"column":5}},"line":34},"2":{"name":"(anonymous_2)","decl":{"start":{"line":76,"column":4},"end":{"line":76,"column":5}},"loc":{"start":{"line":76,"column":45},"end":{"line":88,"column":5}},"line":76},"3":{"name":"(anonymous_3)","decl":{"start":{"line":90,"column":4},"end":{"line":90,"column":5}},"loc":{"start":{"line":90,"column":45},"end":{"line":108,"column":5}},"line":90},"4":{"name":"(anonymous_4)","decl":{"start":{"line":111,"column":4},"end":{"line":111,"column":5}},"loc":{"start":{"line":111,"column":44},"end":{"line":152,"column":5}},"line":111},"5":{"name":"(anonymous_5)","decl":{"start":{"line":154,"column":4},"end":{"line":154,"column":5}},"loc":{"start":{"line":154,"column":50},"end":{"line":247,"column":5}},"line":154},"6":{"name":"(anonymous_6)","decl":{"start":{"line":249,"column":4},"end":{"line":249,"column":5}},"loc":{"start":{"line":249,"column":51},"end":{"line":324,"column":5}},"line":249},"7":{"name":"(anonymous_7)","decl":{"start":{"line":327,"column":4},"end":{"line":327,"column":5}},"loc":{"start":{"line":327,"column":50},"end":{"line":337,"column":5}},"line":327}},"branchMap":{"0":{"loc":{"start":{"line":38,"column":12},"end":{"line":40,"column":13}},"type":"if","locations":[{"start":{"line":38,"column":12},"end":{"line":40,"column":13}},{"start":{},"end":{}}],"line":38},"1":{"loc":{"start":{"line":38,"column":16},"end":{"line":38,"column":35}},"type":"binary-expr","locations":[{"start":{"line":38,"column":16},"end":{"line":38,"column":22}},{"start":{"line":38,"column":26},"end":{"line":38,"column":35}}],"line":38},"2":{"loc":{"start":{"line":46,"column":12},"end":{"line":48,"column":13}},"type":"if","locations":[{"start":{"line":46,"column":12},"end":{"line":48,"column":13}},{"start":{},"end":{}}],"line":46},"3":{"loc":{"start":{"line":51,"column":12},"end":{"line":53,"column":13}},"type":"if","locations":[{"start":{"line":51,"column":12},"end":{"line":53,"column":13}},{"start":{},"end":{}}],"line":51},"4":{"loc":{"start":{"line":99,"column":12},"end":{"line":101,"column":13}},"type":"if","locations":[{"start":{"line":99,"column":12},"end":{"line":101,"column":13}},{"start":{},"end":{}}],"line":99},"5":{"loc":{"start":{"line":116,"column":12},"end":{"line":118,"column":13}},"type":"if","locations":[{"start":{"line":116,"column":12},"end":{"line":118,"column":13}},{"start":{},"end":{}}],"line":116},"6":{"loc":{"start":{"line":116,"column":16},"end":{"line":116,"column":42}},"type":"binary-expr","locations":[{"start":{"line":116,"column":16},"end":{"line":116,"column":25}},{"start":{"line":116,"column":29},"end":{"line":116,"column":42}}],"line":116},"7":{"loc":{"start":{"line":121,"column":12},"end":{"line":147,"column":13}},"type":"if","locations":[{"start":{"line":121,"column":12},"end":{"line":147,"column":13}},{"start":{"line":145,"column":19},"end":{"line":147,"column":13}}],"line":121},"8":{"loc":{"start":{"line":159,"column":12},"end":{"line":161,"column":13}},"type":"if","locations":[{"start":{"line":159,"column":12},"end":{"line":161,"column":13}},{"start":{},"end":{}}],"line":159},"9":{"loc":{"start":{"line":164,"column":12},"end":{"line":166,"column":13}},"type":"if","locations":[{"start":{"line":164,"column":12},"end":{"line":166,"column":13}},{"start":{},"end":{}}],"line":164},"10":{"loc":{"start":{"line":167,"column":12},"end":{"line":242,"column":13}},"type":"if","locations":[{"start":{"line":167,"column":12},"end":{"line":242,"column":13}},{"start":{"line":232,"column":19},"end":{"line":242,"column":13}}],"line":167},"11":{"loc":{"start":{"line":189,"column":16},"end":{"line":191,"column":17}},"type":"if","locations":[{"start":{"line":189,"column":16},"end":{"line":191,"column":17}},{"start":{},"end":{}}],"line":189},"12":{"loc":{"start":{"line":265,"column":12},"end":{"line":267,"column":13}},"type":"if","locations":[{"start":{"line":265,"column":12},"end":{"line":267,"column":13}},{"start":{},"end":{}}],"line":265}},"s":{"0":5,"1":5,"2":5,"3":5,"4":5,"5":4,"6":4,"7":4,"8":1,"9":3,"10":5,"11":5,"12":5,"13":2,"14":3,"15":3,"16":1,"17":2,"18":2,"19":1,"20":1,"21":1,"22":1,"23":4,"24":2,"25":2,"26":1,"27":1,"28":2,"29":2,"30":2,"31":2,"32":1,"33":1,"34":1,"35":3,"36":3,"37":3,"38":3,"39":3,"40":1,"41":2,"42":2,"43":1,"44":1,"45":1,"46":1,"47":2,"48":2,"49":6,"50":6,"51":6,"52":6,"53":6,"54":1,"55":5,"56":5,"57":2,"58":3,"59":2,"60":2,"61":2,"62":1,"63":1,"64":1,"65":1,"66":1,"67":1,"68":1,"69":1,"70":4,"71":4,"72":2,"73":2,"74":2,"75":2,"76":2,"77":2,"78":1,"79":1,"80":1,"81":1,"82":1,"83":1,"84":1,"85":1,"86":1,"87":1,"88":1,"89":1,"90":0,"91":1,"92":5},"f":{"0":4,"1":5,"2":2,"3":2,"4":3,"5":6,"6":2,"7":1},"b":{"0":[2,3],"1":[5,4],"2":[1,2],"3":[1,1],"4":[1,1],"5":[1,2],"6":[3,1],"7":[1,1],"8":[1,5],"9":[2,3],"10":[2,1],"11":[1,1],"12":[1,1]},"_coverageSchema":"1a1c01bbd47fc00a2c39e90264f33305004495a9","hash":"31045aeca72809adddfc64ca6f524d2162818791"}
,"D:\\Hacktiv8\\loveynest-server\\helpers\\bcrypt.js": {"path":"D:\\Hacktiv8\\loveynest-server\\helpers\\bcrypt.js","statementMap":{"0":{"start":{"line":1,"column":15},"end":{"line":1,"column":34}},"1":{"start":{"line":4,"column":2},"end":{"line":4,"column":34}},"2":{"start":{"line":8,"column":2},"end":{"line":8,"column":51}},"3":{"start":{"line":11,"column":0},"end":{"line":11,"column":53}}},"fnMap":{"0":{"name":"encryptPassword","decl":{"start":{"line":3,"column":9},"end":{"line":3,"column":24}},"loc":{"start":{"line":3,"column":32},"end":{"line":5,"column":1}},"line":3},"1":{"name":"comparePassword","decl":{"start":{"line":7,"column":9},"end":{"line":7,"column":24}},"loc":{"start":{"line":7,"column":49},"end":{"line":9,"column":1}},"line":7}},"branchMap":{},"s":{"0":5,"1":2,"2":2,"3":5},"f":{"0":2,"1":2},"b":{},"_coverageSchema":"1a1c01bbd47fc00a2c39e90264f33305004495a9","hash":"97004a51f8af29af7fab5c335ec2dbe2c6fb546a"}
,"D:\\Hacktiv8\\loveynest-server\\helpers\\jwt.js": {"path":"D:\\Hacktiv8\\loveynest-server\\helpers\\jwt.js","statementMap":{"0":{"start":{"line":1,"column":0},"end":{"line":1,"column":27}},"1":{"start":{"line":2,"column":12},"end":{"line":2,"column":35}},"2":{"start":{"line":3,"column":18},"end":{"line":3,"column":40}},"3":{"start":{"line":5,"column":30},"end":{"line":7,"column":1}},"4":{"start":{"line":6,"column":2},"end":{"line":6,"column":42}},"5":{"start":{"line":9,"column":30},"end":{"line":11,"column":1}},"6":{"start":{"line":10,"column":2},"end":{"line":10,"column":37}},"7":{"start":{"line":13,"column":0},"end":{"line":13,"column":65}}},"fnMap":{"0":{"name":"(anonymous_0)","decl":{"start":{"line":5,"column":30},"end":{"line":5,"column":31}},"loc":{"start":{"line":5,"column":43},"end":{"line":7,"column":1}},"line":5},"1":{"name":"(anonymous_1)","decl":{"start":{"line":9,"column":30},"end":{"line":9,"column":31}},"loc":{"start":{"line":9,"column":41},"end":{"line":11,"column":1}},"line":9}},"branchMap":{},"s":{"0":5,"1":5,"2":5,"3":5,"4":1,"5":5,"6":45,"7":5},"f":{"0":1,"1":45},"b":{},"_coverageSchema":"1a1c01bbd47fc00a2c39e90264f33305004495a9","hash":"6a1f4e5d3427adb900d0b26624bccdf50c3095d1"}
,"D:\\Hacktiv8\\loveynest-server\\middlewares\\authorization.js": {"path":"D:\\Hacktiv8\\loveynest-server\\middlewares\\authorization.js","statementMap":{"0":{"start":{"line":2,"column":57},"end":{"line":2,"column":82}},"1":{"start":{"line":3,"column":17},"end":{"line":3,"column":37}},"2":{"start":{"line":5,"column":4},"end":{"line":17,"column":5}},"3":{"start":{"line":6,"column":31},"end":{"line":6,"column":42}},"4":{"start":{"line":7,"column":21},"end":{"line":7,"column":56}},"5":{"start":{"line":9,"column":19},"end":{"line":9,"column":43}},"6":{"start":{"line":10,"column":8},"end":{"line":14,"column":9}},"7":{"start":{"line":11,"column":12},"end":{"line":11,"column":19}},"8":{"start":{"line":13,"column":12},"end":{"line":13,"column":32}},"9":{"start":{"line":16,"column":8},"end":{"line":16,"column":18}},"10":{"start":{"line":20,"column":0},"end":{"line":20,"column":31}}},"fnMap":{"0":{"name":"authorization","decl":{"start":{"line":4,"column":15},"end":{"line":4,"column":28}},"loc":{"start":{"line":4,"column":45},"end":{"line":18,"column":1}},"line":4}},"branchMap":{"0":{"loc":{"start":{"line":10,"column":8},"end":{"line":14,"column":9}},"type":"if","locations":[{"start":{"line":10,"column":8},"end":{"line":14,"column":9}},{"start":{"line":12,"column":15},"end":{"line":14,"column":9}}],"line":10}},"s":{"0":5,"1":5,"2":13,"3":13,"4":13,"5":13,"6":13,"7":13,"8":0,"9":0,"10":5},"f":{"0":13},"b":{"0":[13,0]},"_coverageSchema":"1a1c01bbd47fc00a2c39e90264f33305004495a9","hash":"9b424c6de382a86cf7f8dfb0497fa1b08d3f790a"}
,"D:\\Hacktiv8\\loveynest-server\\middlewares\\cloudinary.js": {"path":"D:\\Hacktiv8\\loveynest-server\\middlewares\\cloudinary.js","statementMap":{"0":{"start":{"line":1,"column":0},"end":{"line":1,"column":27}},"1":{"start":{"line":2,"column":19},"end":{"line":2,"column":40}},"2":{"start":{"line":3,"column":0},"end":{"line":7,"column":2}},"3":{"start":{"line":8,"column":0},"end":{"line":8,"column":31}}},"fnMap":{},"branchMap":{},"s":{"0":5,"1":5,"2":5,"3":5},"f":{},"b":{},"_coverageSchema":"1a1c01bbd47fc00a2c39e90264f33305004495a9","hash":"534e8d9378653fffdc46a8d3657dc6d387674d2a"}
,"D:\\Hacktiv8\\loveynest-server\\middlewares\\errorhandler.js": {"path":"D:\\Hacktiv8\\loveynest-server\\middlewares\\errorhandler.js","statementMap":{"0":{"start":{"line":3,"column":21},"end":{"line":60,"column":1}},"1":{"start":{"line":4,"column":25},"end":{"line":4,"column":28}},"2":{"start":{"line":5,"column":18},"end":{"line":5,"column":22}},"3":{"start":{"line":7,"column":4},"end":{"line":50,"column":5}},"4":{"start":{"line":8,"column":8},"end":{"line":8,"column":19}},"5":{"start":{"line":9,"column":8},"end":{"line":9,"column":41}},"6":{"start":{"line":10,"column":8},"end":{"line":10,"column":44}},"7":{"start":{"line":11,"column":11},"end":{"line":50,"column":5}},"8":{"start":{"line":12,"column":8},"end":{"line":12,"column":19}},"9":{"start":{"line":13,"column":8},"end":{"line":13,"column":42}},"10":{"start":{"line":14,"column":11},"end":{"line":50,"column":5}},"11":{"start":{"line":15,"column":8},"end":{"line":15,"column":19}},"12":{"start":{"line":16,"column":8},"end":{"line":16,"column":32}},"13":{"start":{"line":17,"column":11},"end":{"line":50,"column":5}},"14":{"start":{"line":18,"column":8},"end":{"line":18,"column":19}},"15":{"start":{"line":19,"column":8},"end":{"line":19,"column":23}},"16":{"start":{"line":20,"column":11},"end":{"line":50,"column":5}},"17":{"start":{"line":21,"column":8},"end":{"line":21,"column":19}},"18":{"start":{"line":22,"column":8},"end":{"line":22,"column":43}},"19":{"start":{"line":23,"column":11},"end":{"line":50,"column":5}},"20":{"start":{"line":24,"column":8},"end":{"line":24,"column":19}},"21":{"start":{"line":25,"column":8},"end":{"line":25,"column":44}},"22":{"start":{"line":26,"column":11},"end":{"line":50,"column":5}},"23":{"start":{"line":27,"column":8},"end":{"line":27,"column":19}},"24":{"start":{"line":28,"column":8},"end":{"line":28,"column":48}},"25":{"start":{"line":29,"column":11},"end":{"line":50,"column":5}},"26":{"start":{"line":30,"column":8},"end":{"line":30,"column":19}},"27":{"start":{"line":31,"column":8},"end":{"line":31,"column":43}},"28":{"start":{"line":32,"column":11},"end":{"line":50,"column":5}},"29":{"start":{"line":33,"column":8},"end":{"line":33,"column":19}},"30":{"start":{"line":34,"column":8},"end":{"line":34,"column":38}},"31":{"start":{"line":36,"column":8},"end":{"line":49,"column":9}},"32":{"start":{"line":38,"column":16},"end":{"line":38,"column":40}},"33":{"start":{"line":39,"column":16},"end":{"line":39,"column":22}},"34":{"start":{"line":41,"column":16},"end":{"line":41,"column":41}},"35":{"start":{"line":42,"column":16},"end":{"line":42,"column":22}},"36":{"start":{"line":44,"column":16},"end":{"line":44,"column":38}},"37":{"start":{"line":45,"column":16},"end":{"line":45,"column":22}},"38":{"start":{"line":47,"column":16},"end":{"line":47,"column":38}},"39":{"start":{"line":48,"column":16},"end":{"line":48,"column":22}},"40":{"start":{"line":51,"column":4},"end":{"line":54,"column":5}},"41":{"start":{"line":52,"column":8},"end":{"line":52,"column":19}},"42":{"start":{"line":53,"column":8},"end":{"line":53,"column":42}},"43":{"start":{"line":56,"column":4},"end":{"line":59,"column":7}},"44":{"start":{"line":62,"column":0},"end":{"line":62,"column":30}}},"fnMap":{"0":{"name":"(anonymous_0)","decl":{"start":{"line":3,"column":21},"end":{"line":3,"column":22}},"loc":{"start":{"line":3,"column":46},"end":{"line":60,"column":1}},"line":3}},"branchMap":{"0":{"loc":{"start":{"line":7,"column":4},"end":{"line":50,"column":5}},"type":"if","locations":[{"start":{"line":7,"column":4},"end":{"line":50,"column":5}},{"start":{"line":11,"column":11},"end":{"line":50,"column":5}}],"line":7},"1":{"loc":{"start":{"line":11,"column":11},"end":{"line":50,"column":5}},"type":"if","locations":[{"start":{"line":11,"column":11},"end":{"line":50,"column":5}},{"start":{"line":14,"column":11},"end":{"line":50,"column":5}}],"line":11},"2":{"loc":{"start":{"line":14,"column":11},"end":{"line":50,"column":5}},"type":"if","locations":[{"start":{"line":14,"column":11},"end":{"line":50,"column":5}},{"start":{"line":17,"column":11},"end":{"line":50,"column":5}}],"line":14},"3":{"loc":{"start":{"line":17,"column":11},"end":{"line":50,"column":5}},"type":"if","locations":[{"start":{"line":17,"column":11},"end":{"line":50,"column":5}},{"start":{"line":20,"column":11},"end":{"line":50,"column":5}}],"line":17},"4":{"loc":{"start":{"line":20,"column":11},"end":{"line":50,"column":5}},"type":"if","locations":[{"start":{"line":20,"column":11},"end":{"line":50,"column":5}},{"start":{"line":23,"column":11},"end":{"line":50,"column":5}}],"line":20},"5":{"loc":{"start":{"line":23,"column":11},"end":{"line":50,"column":5}},"type":"if","locations":[{"start":{"line":23,"column":11},"end":{"line":50,"column":5}},{"start":{"line":26,"column":11},"end":{"line":50,"column":5}}],"line":23},"6":{"loc":{"start":{"line":26,"column":11},"end":{"line":50,"column":5}},"type":"if","locations":[{"start":{"line":26,"column":11},"end":{"line":50,"column":5}},{"start":{"line":29,"column":11},"end":{"line":50,"column":5}}],"line":26},"7":{"loc":{"start":{"line":29,"column":11},"end":{"line":50,"column":5}},"type":"if","locations":[{"start":{"line":29,"column":11},"end":{"line":50,"column":5}},{"start":{"line":32,"column":11},"end":{"line":50,"column":5}}],"line":29},"8":{"loc":{"start":{"line":32,"column":11},"end":{"line":50,"column":5}},"type":"if","locations":[{"start":{"line":32,"column":11},"end":{"line":50,"column":5}},{"start":{"line":35,"column":11},"end":{"line":50,"column":5}}],"line":32},"9":{"loc":{"start":{"line":36,"column":8},"end":{"line":49,"column":9}},"type":"switch","locations":[{"start":{"line":37,"column":12},"end":{"line":39,"column":22}},{"start":{"line":40,"column":12},"end":{"line":42,"column":22}},{"start":{"line":43,"column":12},"end":{"line":45,"column":22}},{"start":{"line":46,"column":12},"end":{"line":48,"column":22}}],"line":36},"10":{"loc":{"start":{"line":51,"column":4},"end":{"line":54,"column":5}},"type":"if","locations":[{"start":{"line":51,"column":4},"end":{"line":54,"column":5}},{"start":{},"end":{}}],"line":51}},"s":{"0":5,"1":45,"2":45,"3":45,"4":5,"5":5,"6":5,"7":40,"8":1,"9":1,"10":39,"11":2,"12":2,"13":37,"14":4,"15":4,"16":33,"17":0,"18":0,"19":33,"20":1,"21":1,"22":32,"23":0,"24":0,"25":32,"26":1,"27":1,"28":31,"29":3,"30":3,"31":28,"32":8,"33":8,"34":4,"35":4,"36":1,"37":1,"38":8,"39":8,"40":45,"41":7,"42":7,"43":45,"44":5},"f":{"0":45},"b":{"0":[5,40],"1":[1,39],"2":[2,37],"3":[4,33],"4":[0,33],"5":[1,32],"6":[0,32],"7":[1,31],"8":[3,28],"9":[8,4,1,8],"10":[7,38]},"_coverageSchema":"1a1c01bbd47fc00a2c39e90264f33305004495a9","hash":"6e8a8f84a5e2a834847e0925ef8604ae12c27695"}
,"D:\\Hacktiv8\\loveynest-server\\middlewares\\userauthentication.js": {"path":"D:\\Hacktiv8\\loveynest-server\\middlewares\\userauthentication.js","statementMap":{"0":{"start":{"line":2,"column":34},"end":{"line":2,"column":59}},"1":{"start":{"line":3,"column":17},"end":{"line":3,"column":37}},"2":{"start":{"line":4,"column":27},"end":{"line":27,"column":1}},"3":{"start":{"line":5,"column":4},"end":{"line":26,"column":5}},"4":{"start":{"line":6,"column":33},"end":{"line":6,"column":44}},"5":{"start":{"line":7,"column":8},"end":{"line":9,"column":9}},"6":{"start":{"line":8,"column":12},"end":{"line":8,"column":51}},"7":{"start":{"line":11,"column":24},"end":{"line":11,"column":59}},"8":{"start":{"line":12,"column":23},"end":{"line":12,"column":30}},"9":{"start":{"line":13,"column":21},"end":{"line":13,"column":44}},"10":{"start":{"line":14,"column":8},"end":{"line":16,"column":9}},"11":{"start":{"line":15,"column":12},"end":{"line":15,"column":51}},"12":{"start":{"line":17,"column":8},"end":{"line":22,"column":10}},"13":{"start":{"line":23,"column":8},"end":{"line":23,"column":15}},"14":{"start":{"line":25,"column":8},"end":{"line":25,"column":18}},"15":{"start":{"line":28,"column":0},"end":{"line":28,"column":36}}},"fnMap":{"0":{"name":"(anonymous_0)","decl":{"start":{"line":4,"column":27},"end":{"line":4,"column":28}},"loc":{"start":{"line":4,"column":53},"end":{"line":27,"column":1}},"line":4}},"branchMap":{"0":{"loc":{"start":{"line":7,"column":8},"end":{"line":9,"column":9}},"type":"if","locations":[{"start":{"line":7,"column":8},"end":{"line":9,"column":9}},{"start":{},"end":{}}],"line":7},"1":{"loc":{"start":{"line":14,"column":8},"end":{"line":16,"column":9}},"type":"if","locations":[{"start":{"line":14,"column":8},"end":{"line":16,"column":9}},{"start":{},"end":{}}],"line":14}},"s":{"0":5,"1":5,"2":5,"3":36,"4":36,"5":36,"6":4,"7":32,"8":32,"9":32,"10":32,"11":0,"12":32,"13":32,"14":4,"15":5},"f":{"0":36},"b":{"0":[4,32],"1":[0,32]},"_coverageSchema":"1a1c01bbd47fc00a2c39e90264f33305004495a9","hash":"9fdde7d58579049ea1eec302feb148b109cb68df"}
,"D:\\Hacktiv8\\loveynest-server\\models\\appquizresults.js": {"path":"D:\\Hacktiv8\\loveynest-server\\models\\appquizresults.js","statementMap":{"0":{"start":{"line":2,"column":18},"end":{"line":2,"column":38}},"1":{"start":{"line":3,"column":0},"end":{"line":50,"column":2}},"2":{"start":{"line":11,"column":12},"end":{"line":13,"column":15}},"3":{"start":{"line":14,"column":12},"end":{"line":16,"column":15}},"4":{"start":{"line":19,"column":4},"end":{"line":48,"column":6}},"5":{"start":{"line":28,"column":24},"end":{"line":30,"column":25}},"6":{"start":{"line":29,"column":28},"end":{"line":29,"column":48}},"7":{"start":{"line":31,"column":24},"end":{"line":33,"column":25}},"8":{"start":{"line":32,"column":28},"end":{"line":32,"column":48}},"9":{"start":{"line":34,"column":24},"end":{"line":36,"column":25}},"10":{"start":{"line":35,"column":28},"end":{"line":35,"column":48}},"11":{"start":{"line":49,"column":4},"end":{"line":49,"column":25}}},"fnMap":{"0":{"name":"(anonymous_0)","decl":{"start":{"line":3,"column":17},"end":{"line":3,"column":18}},"loc":{"start":{"line":3,"column":43},"end":{"line":50,"column":1}},"line":3},"1":{"name":"(anonymous_1)","decl":{"start":{"line":10,"column":8},"end":{"line":10,"column":9}},"loc":{"start":{"line":10,"column":33},"end":{"line":17,"column":9}},"line":10},"2":{"name":"(anonymous_2)","decl":{"start":{"line":27,"column":20},"end":{"line":27,"column":21}},"loc":{"start":{"line":27,"column":50},"end":{"line":37,"column":21}},"line":27}},"branchMap":{"0":{"loc":{"start":{"line":28,"column":24},"end":{"line":30,"column":25}},"type":"if","locations":[{"start":{"line":28,"column":24},"end":{"line":30,"column":25}},{"start":{},"end":{}}],"line":28},"1":{"loc":{"start":{"line":31,"column":24},"end":{"line":33,"column":25}},"type":"if","locations":[{"start":{"line":31,"column":24},"end":{"line":33,"column":25}},{"start":{},"end":{}}],"line":31},"2":{"loc":{"start":{"line":34,"column":24},"end":{"line":36,"column":25}},"type":"if","locations":[{"start":{"line":34,"column":24},"end":{"line":36,"column":25}},{"start":{},"end":{}}],"line":34}},"s":{"0":5,"1":5,"2":5,"3":5,"4":5,"5":4,"6":0,"7":4,"8":0,"9":4,"10":2,"11":5},"f":{"0":5,"1":5,"2":4},"b":{"0":[0,4],"1":[0,4],"2":[2,2]},"_coverageSchema":"1a1c01bbd47fc00a2c39e90264f33305004495a9","hash":"f44f45da031cdc0a619a6b2763e6d2b0f3ac145a"}
,"D:\\Hacktiv8\\loveynest-server\\models\\appquizzes.js": {"path":"D:\\Hacktiv8\\loveynest-server\\models\\appquizzes.js","statementMap":{"0":{"start":{"line":2,"column":18},"end":{"line":2,"column":38}},"1":{"start":{"line":3,"column":0},"end":{"line":28,"column":2}},"2":{"start":{"line":11,"column":12},"end":{"line":13,"column":15}},"3":{"start":{"line":17,"column":4},"end":{"line":26,"column":6}},"4":{"start":{"line":27,"column":4},"end":{"line":27,"column":19}}},"fnMap":{"0":{"name":"(anonymous_0)","decl":{"start":{"line":3,"column":17},"end":{"line":3,"column":18}},"loc":{"start":{"line":3,"column":43},"end":{"line":28,"column":1}},"line":3},"1":{"name":"(anonymous_1)","decl":{"start":{"line":10,"column":8},"end":{"line":10,"column":9}},"loc":{"start":{"line":10,"column":33},"end":{"line":14,"column":9}},"line":10}},"branchMap":{},"s":{"0":5,"1":5,"2":5,"3":5,"4":5},"f":{"0":5,"1":5},"b":{},"_coverageSchema":"1a1c01bbd47fc00a2c39e90264f33305004495a9","hash":"dd7ac0b0712595828476db8740e7f31f2c68c10a"}
,"D:\\Hacktiv8\\loveynest-server\\models\\couples.js": {"path":"D:\\Hacktiv8\\loveynest-server\\models\\couples.js","statementMap":{"0":{"start":{"line":2,"column":18},"end":{"line":2,"column":38}},"1":{"start":{"line":3,"column":0},"end":{"line":26,"column":2}},"2":{"start":{"line":11,"column":12},"end":{"line":11,"column":68}},"3":{"start":{"line":14,"column":4},"end":{"line":24,"column":6}},"4":{"start":{"line":25,"column":4},"end":{"line":25,"column":18}}},"fnMap":{"0":{"name":"(anonymous_0)","decl":{"start":{"line":3,"column":17},"end":{"line":3,"column":18}},"loc":{"start":{"line":3,"column":43},"end":{"line":26,"column":1}},"line":3},"1":{"name":"(anonymous_1)","decl":{"start":{"line":10,"column":8},"end":{"line":10,"column":9}},"loc":{"start":{"line":10,"column":33},"end":{"line":12,"column":9}},"line":10}},"branchMap":{},"s":{"0":5,"1":5,"2":5,"3":5,"4":5},"f":{"0":5,"1":5},"b":{},"_coverageSchema":"1a1c01bbd47fc00a2c39e90264f33305004495a9","hash":"7d10fb6e1f6206bd5af966fc623660bcfe90bd4f"}
,"D:\\Hacktiv8\\loveynest-server\\models\\coupletopics.js": {"path":"D:\\Hacktiv8\\loveynest-server\\models\\coupletopics.js","statementMap":{"0":{"start":{"line":2,"column":18},"end":{"line":2,"column":38}},"1":{"start":{"line":3,"column":0},"end":{"line":26,"column":2}},"2":{"start":{"line":14,"column":4},"end":{"line":24,"column":6}},"3":{"start":{"line":25,"column":4},"end":{"line":25,"column":23}}},"fnMap":{"0":{"name":"(anonymous_0)","decl":{"start":{"line":3,"column":17},"end":{"line":3,"column":18}},"loc":{"start":{"line":3,"column":43},"end":{"line":26,"column":1}},"line":3},"1":{"name":"(anonymous_1)","decl":{"start":{"line":10,"column":8},"end":{"line":10,"column":9}},"loc":{"start":{"line":10,"column":33},"end":{"line":12,"column":9}},"line":10}},"branchMap":{},"s":{"0":5,"1":5,"2":5,"3":5},"f":{"0":5,"1":5},"b":{},"_coverageSchema":"1a1c01bbd47fc00a2c39e90264f33305004495a9","hash":"a0b8d4c2b664f339ec1217df5798f334c6d69fc1"}
,"D:\\Hacktiv8\\loveynest-server\\models\\index.js": {"path":"D:\\Hacktiv8\\loveynest-server\\models\\index.js","statementMap":{"0":{"start":{"line":3,"column":11},"end":{"line":3,"column":24}},"1":{"start":{"line":4,"column":13},"end":{"line":4,"column":28}},"2":{"start":{"line":5,"column":18},"end":{"line":5,"column":38}},"3":{"start":{"line":6,"column":17},"end":{"line":6,"column":42}},"4":{"start":{"line":7,"column":12},"end":{"line":7,"column":49}},"5":{"start":{"line":8,"column":15},"end":{"line":8,"column":65}},"6":{"start":{"line":9,"column":11},"end":{"line":9,"column":13}},"7":{"start":{"line":12,"column":0},"end":{"line":16,"column":1}},"8":{"start":{"line":13,"column":4},"end":{"line":13,"column":76}},"9":{"start":{"line":15,"column":4},"end":{"line":15,"column":89}},"10":{"start":{"line":18,"column":0},"end":{"line":25,"column":7}},"11":{"start":{"line":20,"column":8},"end":{"line":20,"column":88}},"12":{"start":{"line":23,"column":22},"end":{"line":23,"column":89}},"13":{"start":{"line":24,"column":8},"end":{"line":24,"column":31}},"14":{"start":{"line":27,"column":0},"end":{"line":31,"column":3}},"15":{"start":{"line":28,"column":4},"end":{"line":30,"column":5}},"16":{"start":{"line":29,"column":8},"end":{"line":29,"column":36}},"17":{"start":{"line":33,"column":0},"end":{"line":33,"column":25}},"18":{"start":{"line":34,"column":0},"end":{"line":34,"column":25}},"19":{"start":{"line":36,"column":0},"end":{"line":36,"column":20}}},"fnMap":{"0":{"name":"(anonymous_0)","decl":{"start":{"line":19,"column":12},"end":{"line":19,"column":13}},"loc":{"start":{"line":19,"column":22},"end":{"line":21,"column":5}},"line":19},"1":{"name":"(anonymous_1)","decl":{"start":{"line":22,"column":13},"end":{"line":22,"column":14}},"loc":{"start":{"line":22,"column":23},"end":{"line":25,"column":5}},"line":22},"2":{"name":"(anonymous_2)","decl":{"start":{"line":27,"column":24},"end":{"line":27,"column":25}},"loc":{"start":{"line":27,"column":39},"end":{"line":31,"column":1}},"line":27}},"branchMap":{"0":{"loc":{"start":{"line":7,"column":12},"end":{"line":7,"column":49}},"type":"binary-expr","locations":[{"start":{"line":7,"column":12},"end":{"line":7,"column":32}},{"start":{"line":7,"column":36},"end":{"line":7,"column":49}}],"line":7},"1":{"loc":{"start":{"line":12,"column":0},"end":{"line":16,"column":1}},"type":"if","locations":[{"start":{"line":12,"column":0},"end":{"line":16,"column":1}},{"start":{"line":14,"column":7},"end":{"line":16,"column":1}}],"line":12},"2":{"loc":{"start":{"line":20,"column":15},"end":{"line":20,"column":87}},"type":"binary-expr","locations":[{"start":{"line":20,"column":15},"end":{"line":20,"column":38}},{"start":{"line":20,"column":42},"end":{"line":20,"column":59}},{"start":{"line":20,"column":63},"end":{"line":20,"column":87}}],"line":20},"3":{"loc":{"start":{"line":28,"column":4},"end":{"line":30,"column":5}},"type":"if","locations":[{"start":{"line":28,"column":4},"end":{"line":30,"column":5}},{"start":{},"end":{}}],"line":28}},"s":{"0":5,"1":5,"2":5,"3":5,"4":5,"5":5,"6":5,"7":5,"8":0,"9":5,"10":5,"11":55,"12":50,"13":50,"14":5,"15":50,"16":50,"17":5,"18":5,"19":5},"f":{"0":55,"1":50,"2":50},"b":{"0":[5,0],"1":[0,5],"2":[55,55,50],"3":[50,0]},"_coverageSchema":"1a1c01bbd47fc00a2c39e90264f33305004495a9","hash":"fee50fb749f0df4089408640468cd8206503eca4"}
,"D:\\Hacktiv8\\loveynest-server\\models\\quizcategories.js": {"path":"D:\\Hacktiv8\\loveynest-server\\models\\quizcategories.js","statementMap":{"0":{"start":{"line":2,"column":18},"end":{"line":2,"column":38}},"1":{"start":{"line":3,"column":0},"end":{"line":48,"column":2}},"2":{"start":{"line":12,"column":12},"end":{"line":12,"column":84}},"3":{"start":{"line":15,"column":4},"end":{"line":46,"column":6}},"4":{"start":{"line":47,"column":4},"end":{"line":47,"column":24}}},"fnMap":{"0":{"name":"(anonymous_0)","decl":{"start":{"line":3,"column":17},"end":{"line":3,"column":18}},"loc":{"start":{"line":3,"column":43},"end":{"line":48,"column":1}},"line":3},"1":{"name":"(anonymous_1)","decl":{"start":{"line":10,"column":8},"end":{"line":10,"column":9}},"loc":{"start":{"line":10,"column":33},"end":{"line":13,"column":9}},"line":10}},"branchMap":{},"s":{"0":5,"1":5,"2":5,"3":5,"4":5},"f":{"0":5,"1":5},"b":{},"_coverageSchema":"1a1c01bbd47fc00a2c39e90264f33305004495a9","hash":"9e21ffff635fd7ca69c93ff5cd5fe1218eba9546"}
,"D:\\Hacktiv8\\loveynest-server\\models\\topic.js": {"path":"D:\\Hacktiv8\\loveynest-server\\models\\topic.js","statementMap":{"0":{"start":{"line":2,"column":18},"end":{"line":2,"column":38}},"1":{"start":{"line":3,"column":0},"end":{"line":26,"column":2}},"2":{"start":{"line":12,"column":12},"end":{"line":12,"column":81}},"3":{"start":{"line":15,"column":4},"end":{"line":24,"column":6}},"4":{"start":{"line":25,"column":4},"end":{"line":25,"column":17}}},"fnMap":{"0":{"name":"(anonymous_0)","decl":{"start":{"line":3,"column":17},"end":{"line":3,"column":18}},"loc":{"start":{"line":3,"column":43},"end":{"line":26,"column":1}},"line":3},"1":{"name":"(anonymous_1)","decl":{"start":{"line":10,"column":8},"end":{"line":10,"column":9}},"loc":{"start":{"line":10,"column":33},"end":{"line":13,"column":9}},"line":10}},"branchMap":{},"s":{"0":5,"1":5,"2":5,"3":5,"4":5},"f":{"0":5,"1":5},"b":{},"_coverageSchema":"1a1c01bbd47fc00a2c39e90264f33305004495a9","hash":"7b3e5337bc318aea6cfe2b28733299ed2613727a"}
,"D:\\Hacktiv8\\loveynest-server\\models\\topiccategories.js": {"path":"D:\\Hacktiv8\\loveynest-server\\models\\topiccategories.js","statementMap":{"0":{"start":{"line":2,"column":18},"end":{"line":2,"column":38}},"1":{"start":{"line":3,"column":0},"end":{"line":26,"column":2}},"2":{"start":{"line":12,"column":12},"end":{"line":12,"column":79}},"3":{"start":{"line":15,"column":4},"end":{"line":24,"column":6}},"4":{"start":{"line":25,"column":4},"end":{"line":25,"column":25}}},"fnMap":{"0":{"name":"(anonymous_0)","decl":{"start":{"line":3,"column":17},"end":{"line":3,"column":18}},"loc":{"start":{"line":3,"column":43},"end":{"line":26,"column":1}},"line":3},"1":{"name":"(anonymous_1)","decl":{"start":{"line":10,"column":8},"end":{"line":10,"column":9}},"loc":{"start":{"line":10,"column":33},"end":{"line":13,"column":9}},"line":10}},"branchMap":{},"s":{"0":5,"1":5,"2":5,"3":5,"4":5},"f":{"0":5,"1":5},"b":{},"_coverageSchema":"1a1c01bbd47fc00a2c39e90264f33305004495a9","hash":"5da2cf8eeb647fab20c71a6b6181562874a27b47"}
,"D:\\Hacktiv8\\loveynest-server\\models\\user.js": {"path":"D:\\Hacktiv8\\loveynest-server\\models\\user.js","statementMap":{"0":{"start":{"line":2,"column":28},"end":{"line":2,"column":56}},"1":{"start":{"line":3,"column":18},"end":{"line":3,"column":38}},"2":{"start":{"line":4,"column":0},"end":{"line":92,"column":2}},"3":{"start":{"line":12,"column":12},"end":{"line":12,"column":70}},"4":{"start":{"line":15,"column":4},"end":{"line":89,"column":6}},"5":{"start":{"line":61,"column":20},"end":{"line":83,"column":21}},"6":{"start":{"line":62,"column":24},"end":{"line":62,"column":79}},"7":{"start":{"line":63,"column":38},"end":{"line":63,"column":58}},"8":{"start":{"line":64,"column":42},"end":{"line":66,"column":26}},"9":{"start":{"line":65,"column":28},"end":{"line":65,"column":71}},"10":{"start":{"line":67,"column":24},"end":{"line":67,"column":42}},"11":{"start":{"line":69,"column":24},"end":{"line":71,"column":78}},"12":{"start":{"line":70,"column":28},"end":{"line":70,"column":81}},"13":{"start":{"line":72,"column":24},"end":{"line":72,"column":51}},"14":{"start":{"line":73,"column":24},"end":{"line":79,"column":25}},"15":{"start":{"line":74,"column":28},"end":{"line":74,"column":50}},"16":{"start":{"line":75,"column":31},"end":{"line":79,"column":25}},"17":{"start":{"line":76,"column":28},"end":{"line":76,"column":51}},"18":{"start":{"line":77,"column":31},"end":{"line":79,"column":25}},"19":{"start":{"line":78,"column":28},"end":{"line":78,"column":52}},"20":{"start":{"line":80,"column":24},"end":{"line":80,"column":59}},"21":{"start":{"line":82,"column":24},"end":{"line":82,"column":41}},"22":{"start":{"line":91,"column":4},"end":{"line":91,"column":16}}},"fnMap":{"0":{"name":"(anonymous_0)","decl":{"start":{"line":4,"column":17},"end":{"line":4,"column":18}},"loc":{"start":{"line":4,"column":43},"end":{"line":92,"column":1}},"line":4},"1":{"name":"(anonymous_1)","decl":{"start":{"line":11,"column":8},"end":{"line":11,"column":9}},"loc":{"start":{"line":11,"column":33},"end":{"line":13,"column":9}},"line":11},"2":{"name":"(anonymous_2)","decl":{"start":{"line":60,"column":16},"end":{"line":60,"column":17}},"loc":{"start":{"line":60,"column":54},"end":{"line":84,"column":17}},"line":60},"3":{"name":"(anonymous_3)","decl":{"start":{"line":64,"column":52},"end":{"line":64,"column":53}},"loc":{"start":{"line":64,"column":62},"end":{"line":66,"column":25}},"line":64}},"branchMap":{"0":{"loc":{"start":{"line":73,"column":24},"end":{"line":79,"column":25}},"type":"if","locations":[{"start":{"line":73,"column":24},"end":{"line":79,"column":25}},{"start":{"line":75,"column":31},"end":{"line":79,"column":25}}],"line":73},"1":{"loc":{"start":{"line":75,"column":31},"end":{"line":79,"column":25}},"type":"if","locations":[{"start":{"line":75,"column":31},"end":{"line":79,"column":25}},{"start":{"line":77,"column":31},"end":{"line":79,"column":25}}],"line":75},"2":{"loc":{"start":{"line":77,"column":31},"end":{"line":79,"column":25}},"type":"if","locations":[{"start":{"line":77,"column":31},"end":{"line":79,"column":25}},{"start":{},"end":{}}],"line":77}},"s":{"0":5,"1":5,"2":5,"3":5,"4":5,"5":2,"6":2,"7":2,"8":2,"9":13,"10":2,"11":2,"12":2,"13":2,"14":2,"15":0,"16":2,"17":0,"18":2,"19":0,"20":2,"21":0,"22":5},"f":{"0":5,"1":5,"2":2,"3":13},"b":{"0":[0,2],"1":[0,2],"2":[0,2]},"_coverageSchema":"1a1c01bbd47fc00a2c39e90264f33305004495a9","hash":"30960c6942008cc672a7caf0c54f3177d222cb3f"}
,"D:\\Hacktiv8\\loveynest-server\\models\\userquestions.js": {"path":"D:\\Hacktiv8\\loveynest-server\\models\\userquestions.js","statementMap":{"0":{"start":{"line":2,"column":18},"end":{"line":2,"column":38}},"1":{"start":{"line":3,"column":0},"end":{"line":64,"column":2}},"2":{"start":{"line":12,"column":12},"end":{"line":12,"column":78}},"3":{"start":{"line":15,"column":4},"end":{"line":62,"column":6}},"4":{"start":{"line":63,"column":4},"end":{"line":63,"column":24}}},"fnMap":{"0":{"name":"(anonymous_0)","decl":{"start":{"line":3,"column":17},"end":{"line":3,"column":18}},"loc":{"start":{"line":3,"column":43},"end":{"line":64,"column":1}},"line":3},"1":{"name":"(anonymous_1)","decl":{"start":{"line":10,"column":8},"end":{"line":10,"column":9}},"loc":{"start":{"line":10,"column":33},"end":{"line":13,"column":9}},"line":10}},"branchMap":{},"s":{"0":5,"1":5,"2":5,"3":5,"4":5},"f":{"0":5,"1":5},"b":{},"_coverageSchema":"1a1c01bbd47fc00a2c39e90264f33305004495a9","hash":"eae83bd03782604a9b1287fe0bb7543b056a323d"}
,"D:\\Hacktiv8\\loveynest-server\\models\\userquizzes.js": {"path":"D:\\Hacktiv8\\loveynest-server\\models\\userquizzes.js","statementMap":{"0":{"start":{"line":2,"column":29},"end":{"line":2,"column":49}},"1":{"start":{"line":3,"column":0},"end":{"line":37,"column":2}},"2":{"start":{"line":7,"column":12},"end":{"line":7,"column":86}},"3":{"start":{"line":8,"column":12},"end":{"line":8,"column":76}},"4":{"start":{"line":11,"column":4},"end":{"line":35,"column":6}},"5":{"start":{"line":36,"column":4},"end":{"line":36,"column":20}}},"fnMap":{"0":{"name":"(anonymous_0)","decl":{"start":{"line":3,"column":17},"end":{"line":3,"column":18}},"loc":{"start":{"line":3,"column":43},"end":{"line":37,"column":1}},"line":3},"1":{"name":"(anonymous_1)","decl":{"start":{"line":5,"column":8},"end":{"line":5,"column":9}},"loc":{"start":{"line":5,"column":33},"end":{"line":9,"column":9}},"line":5}},"branchMap":{},"s":{"0":5,"1":5,"2":5,"3":5,"4":5,"5":5},"f":{"0":5,"1":5},"b":{},"_coverageSchema":"1a1c01bbd47fc00a2c39e90264f33305004495a9","hash":"44315385a9d36e8c546c20a374c47cfffab446e7"}
,"D:\\Hacktiv8\\loveynest-server\\routes\\appquiz.js": {"path":"D:\\Hacktiv8\\loveynest-server\\routes\\appquiz.js","statementMap":{"0":{"start":{"line":2,"column":16},"end":{"line":2,"column":34}},"1":{"start":{"line":3,"column":15},"end":{"line":3,"column":42}},"2":{"start":{"line":4,"column":23},"end":{"line":4,"column":66}},"3":{"start":{"line":5,"column":27},"end":{"line":5,"column":71}},"4":{"start":{"line":7,"column":0},"end":{"line":7,"column":43}},"5":{"start":{"line":9,"column":0},"end":{"line":9,"column":48}},"6":{"start":{"line":10,"column":0},"end":{"line":10,"column":72}},"7":{"start":{"line":12,"column":0},"end":{"line":12,"column":58}},"8":{"start":{"line":14,"column":0},"end":{"line":14,"column":24}}},"fnMap":{},"branchMap":{},"s":{"0":5,"1":5,"2":5,"3":5,"4":5,"5":5,"6":5,"7":5,"8":5},"f":{},"b":{},"_coverageSchema":"1a1c01bbd47fc00a2c39e90264f33305004495a9","hash":"a54c1d78802416a046f9371c51916175fe5dfb2d"}
,"D:\\Hacktiv8\\loveynest-server\\routes\\couple.js": {"path":"D:\\Hacktiv8\\loveynest-server\\routes\\couple.js","statementMap":{"0":{"start":{"line":1,"column":15},"end":{"line":1,"column":42}},"1":{"start":{"line":2,"column":25},"end":{"line":2,"column":67}},"2":{"start":{"line":3,"column":27},"end":{"line":3,"column":71}},"3":{"start":{"line":4,"column":22},"end":{"line":4,"column":61}},"4":{"start":{"line":6,"column":0},"end":{"line":6,"column":31}},"5":{"start":{"line":7,"column":0},"end":{"line":7,"column":48}},"6":{"start":{"line":8,"column":0},"end":{"line":8,"column":58}},"7":{"start":{"line":9,"column":0},"end":{"line":9,"column":26}},"8":{"start":{"line":10,"column":0},"end":{"line":10,"column":51}},"9":{"start":{"line":12,"column":0},"end":{"line":12,"column":24}}},"fnMap":{},"branchMap":{},"s":{"0":5,"1":5,"2":5,"3":5,"4":5,"5":5,"6":5,"7":5,"8":5,"9":5},"f":{},"b":{},"_coverageSchema":"1a1c01bbd47fc00a2c39e90264f33305004495a9","hash":"f155fd6e421ce34a35a62a9ab840d19657f5c3e9"}
,"D:\\Hacktiv8\\loveynest-server\\routes\\index.js": {"path":"D:\\Hacktiv8\\loveynest-server\\routes\\index.js","statementMap":{"0":{"start":{"line":1,"column":16},"end":{"line":1,"column":34}},"1":{"start":{"line":2,"column":15},"end":{"line":2,"column":31}},"2":{"start":{"line":3,"column":0},"end":{"line":3,"column":41}},"3":{"start":{"line":4,"column":0},"end":{"line":4,"column":43}},"4":{"start":{"line":5,"column":0},"end":{"line":5,"column":44}},"5":{"start":{"line":6,"column":0},"end":{"line":6,"column":45}},"6":{"start":{"line":7,"column":0},"end":{"line":7,"column":47}},"7":{"start":{"line":9,"column":0},"end":{"line":9,"column":24}}},"fnMap":{},"branchMap":{},"s":{"0":5,"1":5,"2":5,"3":5,"4":5,"5":5,"6":5,"7":5},"f":{},"b":{},"_coverageSchema":"1a1c01bbd47fc00a2c39e90264f33305004495a9","hash":"580fa6e4b0df8f88f4a11dfc5d7a8d0eb372c2d2"}
,"D:\\Hacktiv8\\loveynest-server\\routes\\topics.js": {"path":"D:\\Hacktiv8\\loveynest-server\\routes\\topics.js","statementMap":{"0":{"start":{"line":1,"column":16},"end":{"line":1,"column":34}},"1":{"start":{"line":2,"column":21},"end":{"line":2,"column":37}},"2":{"start":{"line":3,"column":24},"end":{"line":3,"column":66}},"3":{"start":{"line":4,"column":27},"end":{"line":4,"column":71}},"4":{"start":{"line":6,"column":0},"end":{"line":6,"column":72}},"5":{"start":{"line":8,"column":0},"end":{"line":8,"column":76}},"6":{"start":{"line":10,"column":0},"end":{"line":10,"column":30}}},"fnMap":{},"branchMap":{},"s":{"0":5,"1":5,"2":5,"3":5,"4":5,"5":5,"6":5},"f":{},"b":{},"_coverageSchema":"1a1c01bbd47fc00a2c39e90264f33305004495a9","hash":"5823bb54880b7c37ec6881219600a3816c0ca1a0"}
,"D:\\Hacktiv8\\loveynest-server\\routes\\userquiz.js": {"path":"D:\\Hacktiv8\\loveynest-server\\routes\\userquiz.js","statementMap":{"0":{"start":{"line":1,"column":15},"end":{"line":1,"column":42}},"1":{"start":{"line":2,"column":23},"end":{"line":2,"column":63}},"2":{"start":{"line":3,"column":27},"end":{"line":3,"column":71}},"3":{"start":{"line":4,"column":22},"end":{"line":4,"column":61}},"4":{"start":{"line":5,"column":0},"end":{"line":5,"column":40}},"5":{"start":{"line":6,"column":0},"end":{"line":6,"column":64}},"6":{"start":{"line":7,"column":0},"end":{"line":7,"column":61}},"7":{"start":{"line":8,"column":0},"end":{"line":8,"column":51}},"8":{"start":{"line":9,"column":0},"end":{"line":9,"column":62}},"9":{"start":{"line":11,"column":0},"end":{"line":11,"column":24}}},"fnMap":{},"branchMap":{},"s":{"0":5,"1":5,"2":5,"3":5,"4":5,"5":5,"6":5,"7":5,"8":5,"9":5},"f":{},"b":{},"_coverageSchema":"1a1c01bbd47fc00a2c39e90264f33305004495a9","hash":"2bccaaad018c0830554eb1f3169e7b185f9f39b1"}
,"D:\\Hacktiv8\\loveynest-server\\routes\\users.js": {"path":"D:\\Hacktiv8\\loveynest-server\\routes\\users.js","statementMap":{"0":{"start":{"line":1,"column":15},"end":{"line":1,"column":42}},"1":{"start":{"line":2,"column":23},"end":{"line":2,"column":63}},"2":{"start":{"line":3,"column":27},"end":{"line":3,"column":71}},"3":{"start":{"line":4,"column":22},"end":{"line":4,"column":61}},"4":{"start":{"line":6,"column":0},"end":{"line":6,"column":60}},"5":{"start":{"line":8,"column":0},"end":{"line":8,"column":48}},"6":{"start":{"line":10,"column":0},"end":{"line":10,"column":41}},"7":{"start":{"line":12,"column":0},"end":{"line":12,"column":44}},"8":{"start":{"line":14,"column":0},"end":{"line":14,"column":47}},"9":{"start":{"line":16,"column":0},"end":{"line":16,"column":31}},"10":{"start":{"line":17,"column":0},"end":{"line":17,"column":26}},"11":{"start":{"line":19,"column":0},"end":{"line":19,"column":48}},"12":{"start":{"line":21,"column":0},"end":{"line":21,"column":60}},"13":{"start":{"line":23,"column":0},"end":{"line":23,"column":62}},"14":{"start":{"line":25,"column":0},"end":{"line":25,"column":24}}},"fnMap":{},"branchMap":{},"s":{"0":5,"1":5,"2":5,"3":5,"4":5,"5":5,"6":5,"7":5,"8":5,"9":5,"10":5,"11":5,"12":5,"13":5,"14":5},"f":{},"b":{},"_coverageSchema":"1a1c01bbd47fc00a2c39e90264f33305004495a9","hash":"7c7f1e62c0700db69662b134a7c0d8d3c1f93a08"}
}
