TN:
SF:app.js
FNF:0
FNH:0
DA:1,3
DA:2,3
DA:3,3
DA:4,3
DA:5,3
DA:6,3
DA:7,3
DA:8,3
DA:9,3
DA:10,3
DA:12,3
LF:11
LH:11
BRDA:5,0,0,3
BRDA:5,0,1,3
BRF:2
BRH:2
end_of_record
TN:
SF:controllers\appquizcontroller.js
FN:5,(anonymous_0)
FN:14,(anonymous_1)
FN:44,(anonymous_2)
FN:57,(anonymous_3)
FNF:4
FNH:4
FNDA:1,(anonymous_0)
FNDA:8,(anonymous_1)
FNDA:1,(anonymous_2)
FNDA:2,(anonymous_3)
DA:2,3
DA:6,1
DA:7,1
DA:8,1
DA:10,0
DA:15,8
DA:16,8
DA:17,5
DA:18,5
DA:20,5
DA:22,5
DA:23,0
DA:26,5
DA:28,5
DA:29,1
DA:32,4
DA:33,3
DA:34,3
DA:35,0
DA:37,1
DA:40,5
DA:45,1
DA:46,1
DA:51,1
DA:53,0
DA:58,2
DA:59,2
DA:60,2
DA:66,2
DA:67,1
DA:70,1
DA:78,1
DA:80,1
DA:85,3
LF:34
LH:30
BRDA:22,0,0,0
BRDA:22,0,1,5
BRDA:28,1,0,1
BRDA:28,1,1,4
BRDA:32,2,0,3
BRDA:32,2,1,1
BRDA:32,3,0,4
BRDA:32,3,1,1
BRDA:66,4,0,1
BRDA:66,4,1,1
BRF:10
BRH:9
end_of_record
TN:
SF:controllers\couplecontroller.js
FN:4,(anonymous_0)
FN:13,(anonymous_1)
FNF:2
FNH:2
FNDA:2,(anonymous_0)
FNDA:2,(anonymous_1)
DA:2,3
DA:5,2
DA:6,2
DA:8,2
DA:10,0
DA:14,2
DA:15,2
DA:17,2
DA:28,2
DA:29,1
DA:31,1
DA:33,1
DA:38,3
LF:13
LH:12
BRDA:28,0,0,1
BRDA:28,0,1,1
BRF:2
BRH:2
end_of_record
TN:
SF:controllers\quizcontroller.js
FN:7,(anonymous_0)
FN:22,(anonymous_1)
FN:56,(anonymous_2)
FN:109,(anonymous_3)
FN:211,(anonymous_4)
FN:298,(anonymous_5)
FNF:6
FNH:0
FNDA:0,(anonymous_0)
FNDA:0,(anonymous_1)
FNDA:0,(anonymous_2)
FNDA:0,(anonymous_3)
FNDA:0,(anonymous_4)
FNDA:0,(anonymous_5)
DA:3,3
DA:8,0
DA:9,0
DA:15,0
DA:17,0
DA:23,0
DA:24,0
DA:25,0
DA:45,0
DA:46,0
DA:48,0
DA:51,0
DA:57,0
DA:59,0
DA:60,0
DA:61,0
DA:63,0
DA:64,0
DA:65,0
DA:66,0
DA:69,0
DA:78,0
DA:83,0
DA:84,0
DA:87,0
DA:88,0
DA:89,0
DA:90,0
DA:91,0
DA:94,0
DA:96,0
DA:98,0
DA:103,0
DA:104,0
DA:110,0
DA:112,0
DA:113,0
DA:114,0
DA:116,0
DA:127,0
DA:128,0
DA:129,0
DA:130,0
DA:132,0
DA:133,0
DA:134,0
DA:146,0
DA:147,0
DA:159,0
DA:160,0
DA:172,0
DA:173,0
DA:185,0
DA:186,0
DA:198,0
DA:209,0
DA:211,0
DA:212,0
DA:213,0
DA:216,0
DA:229,0
DA:230,0
DA:235,0
DA:236,0
DA:299,0
DA:300,0
DA:301,0
DA:303,0
DA:304,0
DA:306,0
DA:312,0
DA:317,3
LF:72
LH:2
BRDA:45,0,0,0
BRDA:45,0,1,0
BRDA:65,1,0,0
BRDA:65,1,1,0
BRDA:65,2,0,0
BRDA:65,2,1,0
BRDA:65,2,2,0
BRDA:65,2,3,0
BRDA:65,2,4,0
BRDA:83,3,0,0
BRDA:83,3,1,0
BRDA:127,4,0,0
BRDA:127,4,1,0
BRDA:129,5,0,0
BRDA:129,5,1,0
BRDA:133,6,0,0
BRDA:133,6,1,0
BRDA:146,7,0,0
BRDA:146,7,1,0
BRDA:159,8,0,0
BRDA:159,8,1,0
BRDA:172,9,0,0
BRDA:172,9,1,0
BRDA:185,10,0,0
BRDA:185,10,1,0
BRDA:212,11,0,0
BRDA:212,11,1,0
BRDA:303,12,0,0
BRDA:303,12,1,0
BRF:29
BRH:0
end_of_record
TN:
SF:controllers\usercontroller.js
FN:6,(anonymous_0)
FN:33,(anonymous_1)
FN:47,(anonymous_2)
FN:64,(anonymous_3)
FN:97,(anonymous_4)
FN:189,(anonymous_5)
FNF:6
FNH:0
FNDA:0,(anonymous_0)
FNDA:0,(anonymous_1)
FNDA:0,(anonymous_2)
FNDA:0,(anonymous_3)
FNDA:0,(anonymous_4)
FNDA:0,(anonymous_5)
DA:1,3
DA:2,3
DA:3,3
DA:7,0
DA:8,0
DA:10,0
DA:19,0
DA:29,0
DA:34,0
DA:35,0
DA:41,0
DA:43,0
DA:48,0
DA:49,0
DA:51,0
DA:57,0
DA:59,0
DA:65,0
DA:66,0
DA:67,0
DA:69,0
DA:71,0
DA:72,0
DA:85,0
DA:90,0
DA:93,0
DA:98,0
DA:99,0
DA:100,0
DA:101,0
DA:103,0
DA:105,0
DA:106,0
DA:108,0
DA:109,0
DA:113,0
DA:114,0
DA:128,0
DA:138,0
DA:147,0
DA:159,0
DA:172,0
DA:174,0
DA:179,0
DA:184,0
DA:185,0
DA:190,0
DA:191,0
DA:193,0
DA:195,0
DA:196,0
DA:202,0
DA:207,0
DA:212,0
DA:217,3
LF:55
LH:4
BRDA:71,0,0,0
BRDA:71,0,1,0
BRDA:105,1,0,0
BRDA:105,1,1,0
BRDA:108,2,0,0
BRDA:108,2,1,0
BRDA:113,3,0,0
BRDA:113,3,1,0
BRDA:195,4,0,0
BRDA:195,4,1,0
BRF:10
BRH:0
end_of_record
TN:
SF:helpers\bcrypt.js
FN:3,hash
FN:7,compare
FNF:2
FNH:0
FNDA:0,hash
FNDA:0,compare
DA:1,3
DA:4,0
DA:8,0
DA:11,3
LF:4
LH:2
BRF:0
BRH:0
end_of_record
TN:
SF:helpers\jwt.js
FN:6,(anonymous_0)
FN:12,(anonymous_1)
FNF:2
FNH:0
FNDA:0,(anonymous_0)
FNDA:0,(anonymous_1)
DA:3,3
DA:4,3
DA:6,3
DA:7,0
DA:12,3
DA:13,0
DA:16,3
LF:7
LH:5
BRF:0
BRH:0
end_of_record
TN:
SF:middlewares\errorhandler.js
FN:3,(anonymous_0)
FNF:1
FNH:1
FNDA:7,(anonymous_0)
DA:3,3
DA:4,7
DA:5,7
DA:7,7
DA:8,3
DA:9,3
DA:10,4
DA:11,0
DA:12,0
DA:13,4
DA:14,0
DA:15,0
DA:16,4
DA:17,0
DA:18,0
DA:19,4
DA:20,0
DA:21,0
DA:22,4
DA:23,0
DA:24,0
DA:25,4
DA:26,0
DA:27,0
DA:28,4
DA:29,0
DA:30,0
DA:32,4
DA:34,0
DA:35,0
DA:37,0
DA:38,0
DA:40,1
DA:41,1
DA:43,3
DA:44,3
DA:47,7
DA:48,0
DA:49,0
DA:52,7
DA:58,3
LF:41
LH:21
BRDA:7,0,0,3
BRDA:7,0,1,4
BRDA:10,1,0,0
BRDA:10,1,1,4
BRDA:13,2,0,0
BRDA:13,2,1,4
BRDA:16,3,0,0
BRDA:16,3,1,4
BRDA:19,4,0,0
BRDA:19,4,1,4
BRDA:22,5,0,0
BRDA:22,5,1,4
BRDA:25,6,0,0
BRDA:25,6,1,4
BRDA:28,7,0,0
BRDA:28,7,1,4
BRDA:32,8,0,0
BRDA:32,8,1,0
BRDA:32,8,2,1
BRDA:32,8,3,3
BRDA:47,9,0,0
BRDA:47,9,1,7
BRF:22
BRH:12
end_of_record
TN:
SF:middlewares\userauthentication.js
FN:4,(anonymous_0)
FNF:1
FNH:0
FNDA:0,(anonymous_0)
DA:2,3
DA:3,3
DA:4,3
DA:5,0
DA:6,0
DA:7,0
DA:8,0
DA:11,0
DA:12,0
DA:13,0
DA:15,0
DA:16,0
DA:18,0
DA:24,0
DA:26,0
DA:29,3
LF:16
LH:4
BRDA:7,0,0,0
BRDA:7,0,1,0
BRDA:15,1,0,0
BRDA:15,1,1,0
BRF:4
BRH:0
end_of_record
TN:
SF:models\appquizresults.js
FN:3,(anonymous_0)
FN:10,(anonymous_1)
FN:27,(anonymous_2)
FNF:3
FNH:3
FNDA:3,(anonymous_0)
FNDA:3,(anonymous_1)
FNDA:2,(anonymous_2)
DA:2,3
DA:3,3
DA:11,3
DA:14,3
DA:19,3
DA:28,2
DA:29,2
DA:31,0
DA:32,0
DA:34,0
DA:35,0
DA:49,3
LF:12
LH:8
BRDA:28,0,0,2
BRDA:28,0,1,0
BRDA:31,1,0,0
BRDA:31,1,1,0
BRDA:34,2,0,0
BRDA:34,2,1,0
BRF:6
BRH:1
end_of_record
TN:
SF:models\appquizzes.js
FN:3,(anonymous_0)
FN:10,(anonymous_1)
FNF:2
FNH:2
FNDA:3,(anonymous_0)
FNDA:3,(anonymous_1)
DA:2,3
DA:3,3
DA:11,3
DA:17,3
DA:27,3
LF:5
LH:5
BRF:0
BRH:0
end_of_record
TN:
SF:models\couples.js
FN:3,(anonymous_0)
FN:10,(anonymous_1)
FNF:2
FNH:2
FNDA:3,(anonymous_0)
FNDA:3,(anonymous_1)
DA:2,3
DA:3,3
DA:11,3
DA:14,3
DA:25,3
LF:5
LH:5
BRF:0
BRH:0
end_of_record
TN:
SF:models\coupletopics.js
FN:3,(anonymous_0)
FN:10,(anonymous_1)
FNF:2
FNH:2
FNDA:3,(anonymous_0)
FNDA:3,(anonymous_1)
DA:2,3
DA:3,3
DA:14,3
DA:25,3
LF:4
LH:4
BRF:0
BRH:0
end_of_record
TN:
SF:models\index.js
FN:19,(anonymous_0)
FN:22,(anonymous_1)
FN:27,(anonymous_2)
FNF:3
FNH:3
FNDA:33,(anonymous_0)
FNDA:30,(anonymous_1)
FNDA:30,(anonymous_2)
DA:3,3
DA:4,3
DA:5,3
DA:6,3
DA:7,3
DA:8,3
DA:9,3
DA:12,3
DA:13,0
DA:15,3
DA:18,3
DA:20,33
DA:23,30
DA:24,30
DA:27,3
DA:28,30
DA:29,30
DA:33,3
DA:34,3
DA:36,3
LF:20
LH:19
BRDA:7,0,0,3
BRDA:7,0,1,0
BRDA:12,1,0,0
BRDA:12,1,1,3
BRDA:20,2,0,33
BRDA:20,2,1,33
BRDA:20,2,2,30
BRDA:28,3,0,30
BRDA:28,3,1,0
BRF:9
BRH:6
end_of_record
TN:
SF:models\quizcategories.js
FN:3,(anonymous_0)
FN:10,(anonymous_1)
FNF:2
FNH:2
FNDA:3,(anonymous_0)
FNDA:3,(anonymous_1)
DA:2,3
DA:3,3
DA:12,3
DA:15,3
DA:47,3
LF:5
LH:5
BRF:0
BRH:0
end_of_record
TN:
SF:models\topic.js
FN:3,(anonymous_0)
FN:10,(anonymous_1)
FNF:2
FNH:2
FNDA:3,(anonymous_0)
FNDA:3,(anonymous_1)
DA:2,3
DA:3,3
DA:14,3
DA:24,3
LF:4
LH:4
BRF:0
BRH:0
end_of_record
TN:
SF:models\topiccategories.js
FN:3,(anonymous_0)
FN:10,(anonymous_1)
FNF:2
FNH:2
FNDA:3,(anonymous_0)
FNDA:3,(anonymous_1)
DA:2,3
DA:3,3
DA:14,3
DA:23,3
LF:4
LH:4
BRF:0
BRH:0
end_of_record
TN:
SF:models\user.js
FN:4,(anonymous_0)
FN:11,(anonymous_1)
FN:60,(anonymous_2)
FN:64,(anonymous_3)
FNF:4
FNH:2
FNDA:3,(anonymous_0)
FNDA:3,(anonymous_1)
FNDA:0,(anonymous_2)
FNDA:0,(anonymous_3)
DA:2,3
DA:3,3
DA:4,3
DA:12,3
DA:15,3
DA:61,0
DA:62,0
DA:63,0
DA:64,0
DA:65,0
DA:67,0
DA:68,0
DA:69,0
DA:72,0
DA:81,3
LF:15
LH:6
BRF:0
BRH:0
end_of_record
TN:
SF:models\userquestions.js
FN:3,(anonymous_0)
FN:10,(anonymous_1)
FN:60,(anonymous_2)
FNF:3
FNH:2
FNDA:3,(anonymous_0)
FNDA:3,(anonymous_1)
FNDA:0,(anonymous_2)
DA:2,3
DA:3,3
DA:12,3
DA:15,3
DA:61,0
DA:62,0
DA:64,0
DA:72,3
LF:8
LH:5
BRDA:61,0,0,0
BRDA:61,0,1,0
BRF:2
BRH:0
end_of_record
TN:
SF:models\userquizzes.js
FN:3,(anonymous_0)
FN:5,(anonymous_1)
FNF:2
FNH:2
FNDA:3,(anonymous_0)
FNDA:3,(anonymous_1)
DA:2,3
DA:3,3
DA:7,3
DA:8,3
DA:11,3
DA:36,3
LF:6
LH:6
BRF:0
BRH:0
end_of_record
TN:
SF:routes\appquiz.js
FNF:0
FNH:0
DA:2,3
DA:3,3
DA:4,3
DA:6,3
DA:7,3
DA:8,3
DA:9,3
DA:11,3
LF:8
LH:8
BRF:0
BRH:0
end_of_record
TN:
SF:routes\couple.js
FNF:0
FNH:0
DA:1,3
DA:2,3
DA:4,3
DA:5,3
DA:7,3
LF:5
LH:5
BRF:0
BRH:0
end_of_record
TN:
SF:routes\coupletopics.js
FNF:0
FNH:0
DA:1,3
DA:2,3
DA:15,3
LF:3
LH:3
BRF:0
BRH:0
end_of_record
TN:
SF:routes\index.js
FNF:0
FNH:0
DA:1,3
DA:2,3
DA:3,3
DA:4,3
DA:5,3
DA:6,3
DA:7,3
DA:8,3
DA:9,3
DA:10,3
DA:11,3
DA:12,3
LF:12
LH:12
BRF:0
BRH:0
end_of_record
TN:
SF:routes\topiccategories.js
FNF:0
FNH:0
DA:1,3
DA:2,3
DA:15,3
LF:3
LH:3
BRF:0
BRH:0
end_of_record
TN:
SF:routes\topics.js
FNF:0
FNH:0
DA:1,3
DA:2,3
DA:9,3
LF:3
LH:3
BRF:0
BRH:0
end_of_record
TN:
SF:routes\userquiz.js
FNF:0
FNH:0
DA:1,3
DA:2,3
DA:4,3
DA:5,3
DA:7,3
DA:8,3
DA:10,3
DA:12,3
LF:8
LH:8
BRF:0
BRH:0
end_of_record
TN:
SF:routes\users.js
FNF:0
FNH:0
DA:1,3
DA:2,3
DA:3,3
DA:4,3
DA:5,3
DA:7,3
DA:9,3
DA:10,3
DA:11,3
DA:12,3
DA:13,3
DA:15,3
LF:12
LH:12
BRF:0
BRH:0
end_of_record
